<?xml version="1.0" encoding="UTF-8" standalone="yes"?><!DOCTYPE report PUBLIC "-//JACOCO//DTD Report 1.1//EN" "report.dtd"><report name="Dependency-Check Maven Plugin"><sessioninfo id="localhost-50f56880" start="1569158963010" dump="1569158965177"/><sessioninfo id="localhost-b8cda248" start="1569158968092" dump="1569159023494"/><sessioninfo id="localhost-9f36e6ec" start="1569158968123" dump="1569159024591"/><sessioninfo id="localhost-92d0b775" start="1569159023742" dump="1569159063270"/><sessioninfo id="localhost-d536d9ba" start="1569159025021" dump="1569159064512"/><sessioninfo id="localhost-e9faa0c" start="1569159064876" dump="1569159106133"/><sessioninfo id="localhost-26b205c7" start="1569159065145" dump="1569159109995"/><sessioninfo id="localhost-eb7724c0" start="1569159106875" dump="1569159141894"/><sessioninfo id="localhost-99652d3" start="1569159110648" dump="1569159149526"/><sessioninfo id="localhost-d4ca637c" start="1569159142369" dump="1569159160982"/><sessioninfo id="localhost-5a92491a" start="1569159150179" dump="1569159194332"/><sessioninfo id="localhost-323ee41d" start="1569159194506" dump="1569159208324"/><sessioninfo id="localhost-70b07412" start="1569159161436" dump="1569159232488"/><sessioninfo id="localhost-210cfc8e" start="1569159208939" dump="1569159246259"/><sessioninfo id="localhost-4755edb7" start="1569159246571" dump="1569159281159"/><sessioninfo id="localhost-88f32f7f" start="1569159233080" dump="1569159295987"/><sessioninfo id="localhost-8ea2e357" start="1569159281363" dump="1569159328606"/><sessioninfo id="localhost-2a5ac4ce" start="1569159296520" dump="1569159337026"/><sessioninfo id="localhost-36588a2" start="1569159329819" dump="1569159370750"/><sessioninfo id="localhost-4b38fcf1" start="1569159337624" dump="1569159379478"/><sessioninfo id="localhost-f0690a67" start="1569158968073" dump="1569159925426"/><sessioninfo id="localhost-35f403e4" start="1569158968175" dump="1569160810339"/><package name="org/owasp/dependencycheck/maven"><class name="org/owasp/dependencycheck/maven/ArtifactScopeExcluded" sourcefilename="ArtifactScopeExcluded.java"><method name="&lt;init&gt;" desc="(ZZZZ)V" line="60"><counter type="INSTRUCTION" missed="0" covered="15"/><counter type="LINE" missed="0" covered="6"/><counter type="COMPLEXITY" missed="0" covered="1"/><counter type="METHOD" missed="0" covered="1"/></method><method name="passes" desc="(Ljava/lang/String;)Z" line="77"><counter type="INSTRUCTION" missed="12" covered="38"/><counter type="BRANCH" missed="8" covered="14"/><counter type="LINE" missed="2" covered="9"/><counter type="COMPLEXITY" missed="6" covered="6"/><counter type="METHOD" missed="0" covered="1"/></method><counter type="INSTRUCTION" missed="12" covered="53"/><counter type="BRANCH" missed="8" covered="14"/><counter type="LINE" missed="2" covered="15"/><counter type="COMPLEXITY" missed="6" covered="7"/><counter type="METHOD" missed="0" covered="2"/><counter type="CLASS" missed="0" covered="1"/></class><class name="org/owasp/dependencycheck/maven/CheckMojo" sourcefilename="CheckMojo.java"><method name="&lt;init&gt;" desc="()V" line="43"><counter type="INSTRUCTION" missed="0" covered="6"/><counter type="LINE" missed="0" covered="2"/><counter type="COMPLEXITY" missed="0" covered="1"/><counter type="METHOD" missed="0" covered="1"/></method><method name="canGenerateReport" desc="()Z" line="60"><counter type="INSTRUCTION" missed="1" covered="27"/><counter type="BRANCH" missed="2" covered="2"/><counter type="LINE" missed="1" covered="7"/><counter type="COMPLEXITY" missed="2" covered="1"/><counter type="METHOD" missed="0" covered="1"/></method><method name="getName" desc="(Ljava/util/Locale;)Ljava/lang/String;" line="79"><counter type="INSTRUCTION" missed="0" covered="3"/><counter type="LINE" missed="0" covered="1"/><counter type="COMPLEXITY" missed="0" covered="1"/><counter type="METHOD" missed="0" covered="1"/></method><method name="getDescription" desc="(Ljava/util/Locale;)Ljava/lang/String;" line="91"><counter type="INSTRUCTION" missed="0" covered="2"/><counter type="LINE" missed="0" covered="1"/><counter type="COMPLEXITY" missed="0" covered="1"/><counter type="METHOD" missed="0" covered="1"/></method><method name="scanDependencies" desc="(Lorg/owasp/dependencycheck/Engine;)Lorg/owasp/dependencycheck/exception/ExceptionCollection;" line="104"><counter type="INSTRUCTION" missed="0" covered="6"/><counter type="LINE" missed="0" covered="1"/><counter type="COMPLEXITY" missed="0" covered="1"/><counter type="METHOD" missed="0" covered="1"/></method><counter type="INSTRUCTION" missed="1" covered="44"/><counter type="BRANCH" missed="2" covered="2"/><counter type="LINE" missed="1" covered="12"/><counter type="COMPLEXITY" missed="2" covered="5"/><counter type="METHOD" missed="0" covered="5"/><counter type="CLASS" missed="0" covered="1"/></class><class name="org/owasp/dependencycheck/maven/AggregateMojo" sourcefilename="AggregateMojo.java"><method name="&lt;init&gt;" desc="()V" line="49"><counter type="INSTRUCTION" missed="0" covered="6"/><counter type="LINE" missed="0" covered="2"/><counter type="COMPLEXITY" missed="0" covered="1"/><counter type="METHOD" missed="0" covered="1"/></method><method name="scanDependencies" desc="(Lorg/owasp/dependencycheck/Engine;)Lorg/owasp/dependencycheck/exception/ExceptionCollection;" line="67"><counter type="INSTRUCTION" missed="47" covered="31"/><counter type="BRANCH" missed="9" covered="3"/><counter type="LINE" missed="11" covered="6"/><counter type="COMPLEXITY" missed="5" covered="2"/><counter type="METHOD" missed="0" covered="1"/></method><method name="getDescendants" desc="(Lorg/apache/maven/project/MavenProject;)Ljava/util/Set;" line="99"><counter type="INSTRUCTION" missed="54" covered="243"/><counter type="BRANCH" missed="14" covered="42"/><counter type="LINE" missed="9" covered="42"/><counter type="COMPLEXITY" missed="10" covered="19"/><counter type="METHOD" missed="0" covered="1"/></method><method name="isMultiModule" desc="(Lorg/apache/maven/project/MavenProject;)Z" line="177"><counter type="INSTRUCTION" missed="5" covered="0"/><counter type="LINE" missed="1" covered="0"/><counter type="COMPLEXITY" missed="1" covered="0"/><counter type="METHOD" missed="1" covered="0"/></method><method name="canGenerateReport" desc="()Z" line="182"><counter type="INSTRUCTION" missed="2" covered="0"/><counter type="LINE" missed="1" covered="0"/><counter type="COMPLEXITY" missed="1" covered="0"/><counter type="METHOD" missed="1" covered="0"/></method><method name="getName" desc="(Ljava/util/Locale;)Ljava/lang/String;" line="193"><counter type="INSTRUCTION" missed="3" covered="0"/><counter type="LINE" missed="1" covered="0"/><counter type="COMPLEXITY" missed="1" covered="0"/><counter type="METHOD" missed="1" covered="0"/></method><method name="getDescription" desc="(Ljava/util/Locale;)Ljava/lang/String;" line="205"><counter type="INSTRUCTION" missed="2" covered="0"/><counter type="LINE" missed="1" covered="0"/><counter type="COMPLEXITY" missed="1" covered="0"/><counter type="METHOD" missed="1" covered="0"/></method><counter type="INSTRUCTION" missed="113" covered="280"/><counter type="BRANCH" missed="23" covered="45"/><counter type="LINE" missed="24" covered="50"/><counter type="COMPLEXITY" missed="19" covered="22"/><counter type="METHOD" missed="4" covered="3"/><counter type="CLASS" missed="0" covered="1"/></class><class name="org/owasp/dependencycheck/maven/PurgeMojo" sourcefilename="PurgeMojo.java"><method name="&lt;init&gt;" desc="()V" line="43"><counter type="INSTRUCTION" missed="0" covered="3"/><counter type="LINE" missed="0" covered="1"/><counter type="COMPLEXITY" missed="0" covered="1"/><counter type="METHOD" missed="0" covered="1"/></method><method name="canGenerateReport" desc="()Z" line="52"><counter type="INSTRUCTION" missed="2" covered="0"/><counter type="LINE" missed="1" covered="0"/><counter type="COMPLEXITY" missed="1" covered="0"/><counter type="METHOD" missed="1" covered="0"/></method><method name="runCheck" desc="()V" line="65"><counter type="INSTRUCTION" missed="0" covered="18"/><counter type="LINE" missed="0" covered="5"/><counter type="COMPLEXITY" missed="0" covered="1"/><counter type="METHOD" missed="0" covered="1"/></method><method name="getName" desc="(Ljava/util/Locale;)Ljava/lang/String;" line="81"><counter type="INSTRUCTION" missed="2" covered="0"/><counter type="LINE" missed="1" covered="0"/><counter type="COMPLEXITY" missed="1" covered="0"/><counter type="METHOD" missed="1" covered="0"/></method><method name="getDescription" desc="(Ljava/util/Locale;)Ljava/lang/String;" line="93"><counter type="INSTRUCTION" missed="2" covered="0"/><counter type="LINE" missed="1" covered="0"/><counter type="COMPLEXITY" missed="1" covered="0"/><counter type="METHOD" missed="1" covered="0"/></method><method name="scanDependencies" desc="(Lorg/owasp/dependencycheck/Engine;)Lorg/owasp/dependencycheck/exception/ExceptionCollection;" line="105"><counter type="INSTRUCTION" missed="5" covered="0"/><counter type="LINE" missed="1" covered="0"/><counter type="COMPLEXITY" missed="1" covered="0"/><counter type="METHOD" missed="1" covered="0"/></method><counter type="INSTRUCTION" missed="11" covered="21"/><counter type="LINE" missed="4" covered="6"/><counter type="COMPLEXITY" missed="4" covered="2"/><counter type="METHOD" missed="4" covered="2"/><counter type="CLASS" missed="0" covered="1"/></class><class name="org/owasp/dependencycheck/maven/HelpMojo" sourcefilename="HelpMojo.java"><method name="&lt;init&gt;" desc="()V" line="29"><counter type="INSTRUCTION" missed="3" covered="0"/><counter type="LINE" missed="1" covered="0"/><counter type="COMPLEXITY" missed="1" covered="0"/><counter type="METHOD" missed="1" covered="0"/></method><method name="build" desc="()Lorg/w3c/dom/Document;" line="69"><counter type="INSTRUCTION" missed="59" covered="0"/><counter type="BRANCH" missed="2" covered="0"/><counter type="LINE" missed="17" covered="0"/><counter type="COMPLEXITY" missed="2" covered="0"/><counter type="METHOD" missed="1" covered="0"/></method><method name="execute" desc="()V" line="112"><counter type="INSTRUCTION" missed="187" covered="0"/><counter type="BRANCH" missed="20" covered="0"/><counter type="LINE" missed="31" covered="0"/><counter type="COMPLEXITY" missed="11" covered="0"/><counter type="METHOD" missed="1" covered="0"/></method><method name="isNotEmpty" desc="(Ljava/lang/String;)Z" line="177"><counter type="INSTRUCTION" missed="9" covered="0"/><counter type="BRANCH" missed="4" covered="0"/><counter type="LINE" missed="1" covered="0"/><counter type="COMPLEXITY" missed="3" covered="0"/><counter type="METHOD" missed="1" covered="0"/></method><method name="getValue" desc="(Lorg/w3c/dom/Node;Ljava/lang/String;)Ljava/lang/String;" line="183"><counter type="INSTRUCTION" missed="6" covered="0"/><counter type="LINE" missed="1" covered="0"/><counter type="COMPLEXITY" missed="1" covered="0"/><counter type="METHOD" missed="1" covered="0"/></method><method name="getSingleChild" desc="(Lorg/w3c/dom/Node;Ljava/lang/String;)Lorg/w3c/dom/Node;" line="189"><counter type="INSTRUCTION" missed="45" covered="0"/><counter type="BRANCH" missed="4" covered="0"/><counter type="LINE" missed="6" covered="0"/><counter type="COMPLEXITY" missed="3" covered="0"/><counter type="METHOD" missed="1" covered="0"/></method><method name="findNamedChild" desc="(Lorg/w3c/dom/Node;Ljava/lang/String;)Ljava/util/List;" line="203"><counter type="INSTRUCTION" missed="30" covered="0"/><counter type="BRANCH" missed="4" covered="0"/><counter type="LINE" missed="7" covered="0"/><counter type="COMPLEXITY" missed="3" covered="0"/><counter type="METHOD" missed="1" covered="0"/></method><method name="findSingleChild" desc="(Lorg/w3c/dom/Node;Ljava/lang/String;)Lorg/w3c/dom/Node;" line="219"><counter type="INSTRUCTION" missed="33" covered="0"/><counter type="BRANCH" missed="4" covered="0"/><counter type="LINE" missed="6" covered="0"/><counter type="COMPLEXITY" missed="3" covered="0"/><counter type="METHOD" missed="1" covered="0"/></method><method name="writeGoal" desc="(Ljava/lang/StringBuilder;Ljava/lang/String;Lorg/w3c/dom/Element;)V" line="234"><counter type="INSTRUCTION" missed="135" covered="0"/><counter type="BRANCH" missed="20" covered="0"/><counter type="LINE" missed="23" covered="0"/><counter type="COMPLEXITY" missed="11" covered="0"/><counter type="METHOD" missed="1" covered="0"/></method><method name="writeParameter" desc="(Ljava/lang/StringBuilder;Lorg/w3c/dom/Node;Lorg/w3c/dom/Node;)V" line="274"><counter type="INSTRUCTION" missed="128" covered="0"/><counter type="BRANCH" missed="16" covered="0"/><counter type="LINE" missed="21" covered="0"/><counter type="COMPLEXITY" missed="9" covered="0"/><counter type="METHOD" missed="1" covered="0"/></method><method name="repeat" desc="(Ljava/lang/String;I)Ljava/lang/String;" line="320"><counter type="INSTRUCTION" missed="22" covered="0"/><counter type="BRANCH" missed="2" covered="0"/><counter type="LINE" missed="4" covered="0"/><counter type="COMPLEXITY" missed="2" covered="0"/><counter type="METHOD" missed="1" covered="0"/></method><method name="append" desc="(Ljava/lang/StringBuilder;Ljava/lang/String;I)V" line="340"><counter type="INSTRUCTION" missed="24" covered="0"/><counter type="BRANCH" missed="2" covered="0"/><counter type="LINE" missed="4" covered="0"/><counter type="COMPLEXITY" missed="2" covered="0"/><counter type="METHOD" missed="1" covered="0"/></method><method name="toLines" desc="(Ljava/lang/String;III)Ljava/util/List;" line="358"><counter type="INSTRUCTION" missed="42" covered="0"/><counter type="BRANCH" missed="2" covered="0"/><counter type="LINE" missed="6" covered="0"/><counter type="COMPLEXITY" missed="2" covered="0"/><counter type="METHOD" missed="1" covered="0"/></method><method name="toLines" desc="(Ljava/util/List;Ljava/lang/String;II)V" line="382"><counter type="INSTRUCTION" missed="104" covered="0"/><counter type="BRANCH" missed="12" covered="0"/><counter type="LINE" missed="19" covered="0"/><counter type="COMPLEXITY" missed="7" covered="0"/><counter type="METHOD" missed="1" covered="0"/></method><method name="getIndentLevel" desc="(Ljava/lang/String;)I" line="431"><counter type="INSTRUCTION" missed="40" covered="0"/><counter type="BRANCH" missed="10" covered="0"/><counter type="LINE" missed="8" covered="0"/><counter type="COMPLEXITY" missed="6" covered="0"/><counter type="METHOD" missed="1" covered="0"/></method><method name="getPropertyFromExpression" desc="(Ljava/lang/String;)Ljava/lang/String;" line="449"><counter type="INSTRUCTION" missed="26" covered="0"/><counter type="BRANCH" missed="8" covered="0"/><counter type="LINE" missed="4" covered="0"/><counter type="COMPLEXITY" missed="5" covered="0"/><counter type="METHOD" missed="1" covered="0"/></method><counter type="INSTRUCTION" missed="893" covered="0"/><counter type="BRANCH" missed="110" covered="0"/><counter type="LINE" missed="159" covered="0"/><counter type="COMPLEXITY" missed="71" covered="0"/><counter type="METHOD" missed="16" covered="0"/><counter type="CLASS" missed="1" covered="0"/></class><class name="org/owasp/dependencycheck/maven/ArtifactTypeExcluded" sourcefilename="ArtifactTypeExcluded.java"><method name="&lt;init&gt;" desc="(Ljava/lang/String;)V" line="42"><counter type="INSTRUCTION" missed="0" covered="6"/><counter type="LINE" missed="0" covered="3"/><counter type="COMPLEXITY" missed="0" covered="1"/><counter type="METHOD" missed="0" covered="1"/></method><method name="passes" desc="(Ljava/lang/String;)Z" line="52"><counter type="INSTRUCTION" missed="0" covered="16"/><counter type="BRANCH" missed="0" covered="6"/><counter type="LINE" missed="0" covered="1"/><counter type="COMPLEXITY" missed="0" covered="4"/><counter type="METHOD" missed="0" covered="1"/></method><counter type="INSTRUCTION" missed="0" covered="22"/><counter type="BRANCH" missed="0" covered="6"/><counter type="LINE" missed="0" covered="4"/><counter type="COMPLEXITY" missed="0" covered="5"/><counter type="METHOD" missed="0" covered="2"/><counter type="CLASS" missed="0" covered="1"/></class><class name="org/owasp/dependencycheck/maven/FilteringDependencyTransitiveNodeVisitor" sourcefilename="FilteringDependencyTransitiveNodeVisitor.java"><method name="&lt;init&gt;" desc="(Lorg/apache/maven/shared/dependency/graph/traversal/DependencyNodeVisitor;Lorg/apache/maven/shared/dependency/graph/filter/DependencyNodeFilter;)V" line="50"><counter type="INSTRUCTION" missed="0" covered="9"/><counter type="LINE" missed="0" covered="4"/><counter type="COMPLEXITY" missed="0" covered="1"/><counter type="METHOD" missed="0" covered="1"/></method><method name="visit" desc="(Lorg/apache/maven/shared/dependency/graph/DependencyNode;)Z" line="62"><counter type="INSTRUCTION" missed="2" covered="13"/><counter type="BRANCH" missed="1" covered="1"/><counter type="LINE" missed="1" covered="3"/><counter type="COMPLEXITY" missed="1" covered="1"/><counter type="METHOD" missed="0" covered="1"/></method><method name="endVisit" desc="(Lorg/apache/maven/shared/dependency/graph/DependencyNode;)Z" line="78"><counter type="INSTRUCTION" missed="2" covered="13"/><counter type="BRANCH" missed="1" covered="1"/><counter type="LINE" missed="1" covered="3"/><counter type="COMPLEXITY" missed="1" covered="1"/><counter type="METHOD" missed="0" covered="1"/></method><method name="getDependencyNodeVisitor" desc="()Lorg/apache/maven/shared/dependency/graph/traversal/DependencyNodeVisitor;" line="93"><counter type="INSTRUCTION" missed="3" covered="0"/><counter type="LINE" missed="1" covered="0"/><counter type="COMPLEXITY" missed="1" covered="0"/><counter type="METHOD" missed="1" covered="0"/></method><method name="getDependencyNodeFilter" desc="()Lorg/apache/maven/shared/dependency/graph/filter/DependencyNodeFilter;" line="103"><counter type="INSTRUCTION" missed="3" covered="0"/><counter type="LINE" missed="1" covered="0"/><counter type="COMPLEXITY" missed="1" covered="0"/><counter type="METHOD" missed="1" covered="0"/></method><counter type="INSTRUCTION" missed="10" covered="35"/><counter type="BRANCH" missed="2" covered="2"/><counter type="LINE" missed="4" covered="10"/><counter type="COMPLEXITY" missed="4" covered="3"/><counter type="METHOD" missed="2" covered="3"/><counter type="CLASS" missed="0" covered="1"/></class><class name="org/owasp/dependencycheck/maven/Retirejs" sourcefilename="Retirejs.java"><method name="&lt;init&gt;" desc="()V" line="27"><counter type="INSTRUCTION" missed="0" covered="3"/><counter type="LINE" missed="0" covered="1"/><counter type="COMPLEXITY" missed="0" covered="1"/><counter type="METHOD" missed="0" covered="1"/></method><method name="getFilters" desc="()[Ljava/lang/String;" line="47"><counter type="INSTRUCTION" missed="0" covered="3"/><counter type="LINE" missed="0" covered="1"/><counter type="COMPLEXITY" missed="0" covered="1"/><counter type="METHOD" missed="0" covered="1"/></method><method name="getFilterNonVulnerable" desc="()Ljava/lang/Boolean;" line="60"><counter type="INSTRUCTION" missed="0" covered="3"/><counter type="LINE" missed="0" covered="1"/><counter type="COMPLEXITY" missed="0" covered="1"/><counter type="METHOD" missed="0" covered="1"/></method><counter type="INSTRUCTION" missed="0" covered="9"/><counter type="LINE" missed="0" covered="3"/><counter type="COMPLEXITY" missed="0" covered="3"/><counter type="METHOD" missed="0" covered="3"/><counter type="CLASS" missed="0" covered="1"/></class><class name="org/owasp/dependencycheck/maven/UpdateMojo" sourcefilename="UpdateMojo.java"><method name="&lt;init&gt;" desc="()V" line="47"><counter type="INSTRUCTION" missed="0" covered="3"/><counter type="LINE" missed="0" covered="1"/><counter type="COMPLEXITY" missed="0" covered="1"/><counter type="METHOD" missed="0" covered="1"/></method><method name="canGenerateReport" desc="()Z" line="56"><counter type="INSTRUCTION" missed="2" covered="0"/><counter type="LINE" missed="1" covered="0"/><counter type="COMPLEXITY" missed="1" covered="0"/><counter type="METHOD" missed="1" covered="0"/></method><method name="runCheck" desc="()V" line="70"><counter type="INSTRUCTION" missed="53" covered="15"/><counter type="BRANCH" missed="7" covered="1"/><counter type="LINE" missed="15" covered="6"/><counter type="COMPLEXITY" missed="4" covered="1"/><counter type="METHOD" missed="0" covered="1"/></method><method name="getName" desc="(Ljava/util/Locale;)Ljava/lang/String;" line="105"><counter type="INSTRUCTION" missed="2" covered="0"/><counter type="LINE" missed="1" covered="0"/><counter type="COMPLEXITY" missed="1" covered="0"/><counter type="METHOD" missed="1" covered="0"/></method><method name="getDescription" desc="(Ljava/util/Locale;)Ljava/lang/String;" line="117"><counter type="INSTRUCTION" missed="2" covered="0"/><counter type="LINE" missed="1" covered="0"/><counter type="COMPLEXITY" missed="1" covered="0"/><counter type="METHOD" missed="1" covered="0"/></method><method name="scanDependencies" desc="(Lorg/owasp/dependencycheck/Engine;)Lorg/owasp/dependencycheck/exception/ExceptionCollection;" line="130"><counter type="INSTRUCTION" missed="5" covered="0"/><counter type="LINE" missed="1" covered="0"/><counter type="COMPLEXITY" missed="1" covered="0"/><counter type="METHOD" missed="1" covered="0"/></method><counter type="INSTRUCTION" missed="64" covered="18"/><counter type="BRANCH" missed="7" covered="1"/><counter type="LINE" missed="19" covered="7"/><counter type="COMPLEXITY" missed="8" covered="2"/><counter type="METHOD" missed="4" covered="2"/><counter type="CLASS" missed="0" covered="1"/></class><class name="org/owasp/dependencycheck/maven/BaseDependencyCheckMojo" sourcefilename="BaseDependencyCheckMojo.java"><method name="&lt;init&gt;" desc="()V" line="100"><counter type="INSTRUCTION" missed="0" covered="42"/><counter type="LINE" missed="0" covered="14"/><counter type="COMPLEXITY" missed="0" covered="1"/><counter type="METHOD" missed="0" covered="1"/></method><method name="artifactsMatch" desc="(Lorg/apache/maven/model/Dependency;Lorg/apache/maven/artifact/Artifact;)Z" line="769"><counter type="INSTRUCTION" missed="1" covered="21"/><counter type="BRANCH" missed="3" covered="3"/><counter type="LINE" missed="0" covered="3"/><counter type="COMPLEXITY" missed="3" covered="1"/><counter type="METHOD" missed="0" covered="1"/></method><method name="isEqualOrNull" desc="(Ljava/lang/String;Ljava/lang/String;)Z" line="784"><counter type="INSTRUCTION" missed="5" covered="9"/><counter type="BRANCH" missed="6" covered="2"/><counter type="LINE" missed="0" covered="1"/><counter type="COMPLEXITY" missed="4" covered="1"/><counter type="METHOD" missed="0" covered="1"/></method><method name="execute" desc="()V" line="796"><counter type="INSTRUCTION" missed="14" covered="21"/><counter type="BRANCH" missed="1" covered="1"/><counter type="LINE" missed="1" covered="6"/><counter type="COMPLEXITY" missed="1" covered="1"/><counter type="METHOD" missed="0" covered="1"/></method><method name="generate" desc="(Lorg/codehaus/doxia/sink/Sink;Ljava/util/Locale;)V" line="819"><counter type="INSTRUCTION" missed="0" covered="5"/><counter type="LINE" missed="0" covered="2"/><counter type="COMPLEXITY" missed="0" covered="1"/><counter type="METHOD" missed="0" covered="1"/></method><method name="isGeneratingSite" desc="()Z" line="828"><counter type="INSTRUCTION" missed="3" covered="0"/><counter type="LINE" missed="1" covered="0"/><counter type="COMPLEXITY" missed="1" covered="0"/><counter type="METHOD" missed="1" covered="0"/></method><method name="getConnectionString" desc="()Ljava/lang/String;" line="837"><counter type="INSTRUCTION" missed="3" covered="0"/><counter type="LINE" missed="1" covered="0"/><counter type="COMPLEXITY" missed="1" covered="0"/><counter type="METHOD" missed="1" covered="0"/></method><method name="isFailOnError" desc="()Z" line="846"><counter type="INSTRUCTION" missed="0" covered="3"/><counter type="LINE" missed="0" covered="1"/><counter type="COMPLEXITY" missed="0" covered="1"/><counter type="METHOD" missed="0" covered="1"/></method><method name="generate" desc="(Lorg/apache/maven/doxia/sink/Sink;Ljava/util/Locale;)V" line="857"><counter type="INSTRUCTION" missed="27" covered="22"/><counter type="BRANCH" missed="1" covered="1"/><counter type="LINE" missed="6" covered="7"/><counter type="COMPLEXITY" missed="1" covered="1"/><counter type="METHOD" missed="0" covered="1"/></method><method name="getCorrectOutputDirectory" desc="()Ljava/io/File;" line="883"><counter type="INSTRUCTION" missed="5" covered="0"/><counter type="LINE" missed="1" covered="0"/><counter type="COMPLEXITY" missed="1" covered="0"/><counter type="METHOD" missed="1" covered="0"/></method><method name="getCorrectOutputDirectory" desc="(Lorg/apache/maven/project/MavenProject;)Ljava/io/File;" line="894"><counter type="INSTRUCTION" missed="21" covered="12"/><counter type="BRANCH" missed="6" covered="2"/><counter type="LINE" missed="4" covered="3"/><counter type="COMPLEXITY" missed="4" covered="1"/><counter type="METHOD" missed="0" covered="1"/></method><method name="scanArtifacts" desc="(Lorg/apache/maven/project/MavenProject;Lorg/owasp/dependencycheck/Engine;)Lorg/owasp/dependencycheck/exception/ExceptionCollection;" line="916"><counter type="INSTRUCTION" missed="0" covered="6"/><counter type="LINE" missed="0" covered="1"/><counter type="COMPLEXITY" missed="0" covered="1"/><counter type="METHOD" missed="0" covered="1"/></method><method name="scanArtifacts" desc="(Lorg/apache/maven/project/MavenProject;Lorg/owasp/dependencycheck/Engine;Z)Lorg/owasp/dependencycheck/exception/ExceptionCollection;" line="931"><counter type="INSTRUCTION" missed="21" covered="75"/><counter type="LINE" missed="4" covered="10"/><counter type="COMPLEXITY" missed="0" covered="1"/><counter type="METHOD" missed="0" covered="1"/></method><method name="toDependencyNode" desc="(Lorg/apache/maven/project/ProjectBuildingRequest;Lorg/apache/maven/shared/dependency/graph/DependencyNode;Lorg/apache/maven/model/Dependency;)Lorg/apache/maven/shared/dependency/graph/DependencyNode;" line="971"><counter type="INSTRUCTION" missed="0" covered="54"/><counter type="LINE" missed="0" covered="10"/><counter type="COMPLEXITY" missed="0" covered="1"/><counter type="METHOD" missed="0" covered="1"/></method><method name="collectDependencyManagementDependencies" desc="(Lorg/apache/maven/project/ProjectBuildingRequest;Lorg/apache/maven/project/MavenProject;Ljava/util/List;Z)Lorg/owasp/dependencycheck/exception/ExceptionCollection;" line="1001"><counter type="INSTRUCTION" missed="22" covered="34"/><counter type="BRANCH" missed="3" covered="5"/><counter type="LINE" missed="5" covered="8"/><counter type="COMPLEXITY" missed="2" covered="3"/><counter type="METHOD" missed="0" covered="1"/></method><method name="collectMavenDependencies" desc="(Lorg/owasp/dependencycheck/Engine;Lorg/apache/maven/project/MavenProject;Ljava/util/List;Lorg/apache/maven/project/ProjectBuildingRequest;Z)Lorg/owasp/dependencycheck/exception/ExceptionCollection;" line="1036"><counter type="INSTRUCTION" missed="196" covered="257"/><counter type="BRANCH" missed="32" covered="28"/><counter type="LINE" missed="35" covered="62"/><counter type="COMPLEXITY" missed="24" covered="7"/><counter type="METHOD" missed="0" covered="1"/></method><method name="collectDependencies" desc="(Lorg/owasp/dependencycheck/Engine;Lorg/apache/maven/project/MavenProject;Ljava/util/List;Lorg/apache/maven/project/ProjectBuildingRequest;Z)Lorg/owasp/dependencycheck/exception/ExceptionCollection;" line="1180"><counter type="INSTRUCTION" missed="32" covered="220"/><counter type="BRANCH" missed="8" covered="12"/><counter type="LINE" missed="11" covered="38"/><counter type="COMPLEXITY" missed="6" covered="5"/><counter type="METHOD" missed="0" covered="1"/></method><method name="addReactorDependency" desc="(Lorg/owasp/dependencycheck/Engine;Lorg/apache/maven/artifact/Artifact;)Z" line="1264"><counter type="INSTRUCTION" missed="0" covered="6"/><counter type="LINE" missed="0" covered="1"/><counter type="COMPLEXITY" missed="0" covered="1"/><counter type="METHOD" missed="0" covered="1"/></method><method name="addVirtualDependencyFromReactor" desc="(Lorg/owasp/dependencycheck/Engine;Lorg/apache/maven/artifact/Artifact;Ljava/lang/String;)Z" line="1283"><counter type="INSTRUCTION" missed="95" covered="275"/><counter type="BRANCH" missed="14" covered="8"/><counter type="LINE" missed="16" covered="40"/><counter type="COMPLEXITY" missed="10" covered="2"/><counter type="METHOD" missed="0" covered="1"/></method><method name="addSnapshotReactorDependency" desc="(Lorg/owasp/dependencycheck/Engine;Lorg/apache/maven/artifact/Artifact;)Z" line="1370"><counter type="INSTRUCTION" missed="2" covered="9"/><counter type="BRANCH" missed="1" covered="1"/><counter type="LINE" missed="1" covered="2"/><counter type="COMPLEXITY" missed="1" covered="1"/><counter type="METHOD" missed="0" covered="1"/></method><method name="newResolveArtifactProjectBuildingRequest" desc="(Lorg/apache/maven/project/MavenProject;)Lorg/apache/maven/project/ProjectBuildingRequest;" line="1384"><counter type="INSTRUCTION" missed="0" covered="20"/><counter type="LINE" missed="0" covered="4"/><counter type="COMPLEXITY" missed="0" covered="1"/><counter type="METHOD" missed="0" covered="1"/></method><method name="runCheck" desc="()V" line="1399"><counter type="INSTRUCTION" missed="60" covered="86"/><counter type="BRANCH" missed="11" covered="9"/><counter type="LINE" missed="15" covered="21"/><counter type="COMPLEXITY" missed="7" covered="4"/><counter type="METHOD" missed="0" covered="1"/></method><method name="handleAnalysisExceptions" desc="(Lorg/owasp/dependencycheck/exception/ExceptionCollection;Lorg/owasp/dependencycheck/exception/ExceptionCollection;)Lorg/owasp/dependencycheck/exception/ExceptionCollection;" line="1463"><counter type="INSTRUCTION" missed="50" covered="27"/><counter type="BRANCH" missed="9" covered="3"/><counter type="LINE" missed="11" covered="7"/><counter type="COMPLEXITY" missed="6" covered="1"/><counter type="METHOD" missed="0" covered="1"/></method><method name="getReportOutputDirectory" desc="()Ljava/io/File;" line="1506"><counter type="INSTRUCTION" missed="0" covered="3"/><counter type="LINE" missed="0" covered="1"/><counter type="COMPLEXITY" missed="0" covered="1"/><counter type="METHOD" missed="0" covered="1"/></method><method name="setReportOutputDirectory" desc="(Ljava/io/File;)V" line="1516"><counter type="INSTRUCTION" missed="0" covered="4"/><counter type="LINE" missed="0" covered="2"/><counter type="COMPLEXITY" missed="0" covered="1"/><counter type="METHOD" missed="0" covered="1"/></method><method name="getOutputDirectory" desc="()Ljava/io/File;" line="1525"><counter type="INSTRUCTION" missed="3" covered="0"/><counter type="LINE" missed="1" covered="0"/><counter type="COMPLEXITY" missed="1" covered="0"/><counter type="METHOD" missed="1" covered="0"/></method><method name="isExternalReport" desc="()Z" line="1536"><counter type="INSTRUCTION" missed="0" covered="2"/><counter type="LINE" missed="0" covered="1"/><counter type="COMPLEXITY" missed="0" covered="1"/><counter type="METHOD" missed="0" covered="1"/></method><method name="getOutputName" desc="()Ljava/lang/String;" line="1546"><counter type="INSTRUCTION" missed="38" covered="9"/><counter type="BRANCH" missed="13" covered="1"/><counter type="LINE" missed="10" covered="3"/><counter type="COMPLEXITY" missed="7" covered="1"/><counter type="METHOD" missed="0" covered="1"/></method><method name="getCategoryName" desc="()Ljava/lang/String;" line="1570"><counter type="INSTRUCTION" missed="0" covered="2"/><counter type="LINE" missed="0" covered="1"/><counter type="COMPLEXITY" missed="0" covered="1"/><counter type="METHOD" missed="0" covered="1"/></method><method name="initializeEngine" desc="()Lorg/owasp/dependencycheck/Engine;" line="1583"><counter type="INSTRUCTION" missed="0" covered="8"/><counter type="LINE" missed="0" covered="2"/><counter type="COMPLEXITY" missed="0" covered="1"/><counter type="METHOD" missed="0" covered="1"/></method><method name="populateSettings" desc="()V" line="1593"><counter type="INSTRUCTION" missed="73" covered="457"/><counter type="BRANCH" missed="11" covered="9"/><counter type="LINE" missed="16" covered="81"/><counter type="COMPLEXITY" missed="9" covered="2"/><counter type="METHOD" missed="0" covered="1"/></method><method name="configureServerCredentials" desc="(Ljava/lang/String;Ljava/lang/String;Ljava/lang/String;)V" line="1722"><counter type="INSTRUCTION" missed="99" covered="3"/><counter type="BRANCH" missed="13" covered="1"/><counter type="LINE" missed="21" covered="2"/><counter type="COMPLEXITY" missed="7" covered="1"/><counter type="METHOD" missed="0" covered="1"/></method><method name="decryptServerPassword" desc="(Lorg/apache/maven/settings/Server;)Ljava/lang/String;" line="1773"><counter type="INSTRUCTION" missed="15" covered="0"/><counter type="BRANCH" missed="2" covered="0"/><counter type="LINE" missed="3" covered="0"/><counter type="COMPLEXITY" missed="2" covered="0"/><counter type="METHOD" missed="1" covered="0"/></method><method name="determineSuppressions" desc="()[Ljava/lang/String;" line="1787"><counter type="INSTRUCTION" missed="9" covered="26"/><counter type="BRANCH" missed="1" covered="3"/><counter type="LINE" missed="1" covered="6"/><counter type="COMPLEXITY" missed="1" covered="2"/><counter type="METHOD" missed="0" covered="1"/></method><method name="muteJCS" desc="()V" line="1804"><counter type="INSTRUCTION" missed="14" covered="86"/><counter type="BRANCH" missed="0" covered="2"/><counter type="LINE" missed="2" covered="8"/><counter type="COMPLEXITY" missed="0" covered="2"/><counter type="METHOD" missed="0" covered="1"/></method><method name="getMavenProxy" desc="()Lorg/apache/maven/settings/Proxy;" line="1836"><counter type="INSTRUCTION" missed="39" covered="14"/><counter type="BRANCH" missed="13" covered="3"/><counter type="LINE" missed="9" covered="4"/><counter type="COMPLEXITY" missed="8" covered="1"/><counter type="METHOD" missed="0" covered="1"/></method><method name="getProject" desc="()Lorg/apache/maven/project/MavenProject;" line="1868"><counter type="INSTRUCTION" missed="0" covered="3"/><counter type="LINE" missed="0" covered="1"/><counter type="COMPLEXITY" missed="0" covered="1"/><counter type="METHOD" missed="0" covered="1"/></method><method name="getReactorProjects" desc="()Ljava/util/List;" line="1877"><counter type="INSTRUCTION" missed="0" covered="3"/><counter type="LINE" missed="0" covered="1"/><counter type="COMPLEXITY" missed="0" covered="1"/><counter type="METHOD" missed="0" covered="1"/></method><method name="getFormats" desc="()Ljava/util/Set;" line="1886"><counter type="INSTRUCTION" missed="4" covered="23"/><counter type="BRANCH" missed="3" covered="3"/><counter type="LINE" missed="0" covered="4"/><counter type="COMPLEXITY" missed="3" covered="1"/><counter type="METHOD" missed="0" covered="1"/></method><method name="getExcludes" desc="()Ljava/util/List;" line="1900"><counter type="INSTRUCTION" missed="0" covered="11"/><counter type="BRANCH" missed="0" covered="2"/><counter type="LINE" missed="0" covered="3"/><counter type="COMPLEXITY" missed="0" covered="2"/><counter type="METHOD" missed="0" covered="1"/></method><method name="getArtifactScopeExcluded" desc="()Lorg/owasp/dependencycheck/utils/Filter;" line="1912"><counter type="INSTRUCTION" missed="0" covered="3"/><counter type="LINE" missed="0" covered="1"/><counter type="COMPLEXITY" missed="0" covered="1"/><counter type="METHOD" missed="0" covered="1"/></method><method name="getSettings" desc="()Lorg/owasp/dependencycheck/utils/Settings;" line="1921"><counter type="INSTRUCTION" missed="0" covered="3"/><counter type="LINE" missed="0" covered="1"/><counter type="COMPLEXITY" missed="0" covered="1"/><counter type="METHOD" missed="0" covered="1"/></method><method name="checkForFailure" desc="([Lorg/owasp/dependencycheck/dependency/Dependency;)V" line="1934"><counter type="INSTRUCTION" missed="70" covered="61"/><counter type="BRANCH" missed="11" covered="11"/><counter type="LINE" missed="13" covered="9"/><counter type="COMPLEXITY" missed="8" covered="4"/><counter type="METHOD" missed="0" covered="1"/></method><method name="showSummary" desc="(Lorg/apache/maven/project/MavenProject;[Lorg/owasp/dependencycheck/dependency/Dependency;)V" line="1976"><counter type="INSTRUCTION" missed="0" covered="8"/><counter type="BRANCH" missed="1" covered="1"/><counter type="LINE" missed="0" covered="3"/><counter type="COMPLEXITY" missed="1" covered="1"/><counter type="METHOD" missed="0" covered="1"/></method><method name="&lt;clinit&gt;" desc="()V" line="110"><counter type="INSTRUCTION" missed="0" covered="6"/><counter type="LINE" missed="0" covered="1"/><counter type="COMPLEXITY" missed="0" covered="1"/><counter type="METHOD" missed="0" covered="1"/></method><counter type="INSTRUCTION" missed="921" covered="1939"/><counter type="BRANCH" missed="163" covered="111"/><counter type="LINE" missed="188" covered="376"/><counter type="COMPLEXITY" missed="119" covered="63"/><counter type="METHOD" missed="5" covered="40"/><counter type="CLASS" missed="0" covered="1"/></class><sourcefile name="BaseDependencyCheckMojo.java"><line nr="100" mi="0" ci="2" mb="0" cb="0"/><line nr="110" mi="0" ci="6" mb="0" cb="0"/><line nr="114" mi="0" ci="3" mb="0" cb="0"/><line nr="118" mi="0" ci="3" mb="0" cb="0"/><line nr="180" mi="0" ci="3" mb="0" cb="0"/><line nr="188" mi="0" ci="3" mb="0" cb="0"/><line nr="194" mi="0" ci="3" mb="0" cb="0"/><line nr="245" mi="0" ci="3" mb="0" cb="0"/><line nr="316" mi="0" ci="3" mb="0" cb="0"/><line nr="635" mi="0" ci="3" mb="0" cb="0"/><line nr="641" mi="0" ci="3" mb="0" cb="0"/><line nr="647" mi="0" ci="3" mb="0" cb="0"/><line nr="653" mi="0" ci="3" mb="0" cb="0"/><line nr="660" mi="0" ci="3" mb="0" cb="0"/><line nr="667" mi="0" ci="4" mb="0" cb="0"/><line nr="769" mi="0" ci="8" mb="1" cb="1"/><line nr="770" mi="0" ci="6" mb="1" cb="1"/><line nr="771" mi="1" ci="7" mb="1" cb="1"/><line nr="784" mi="5" ci="9" mb="6" cb="2"/><line nr="796" mi="0" ci="3" mb="0" cb="0"/><line nr="797" mi="0" ci="7" mb="0" cb="0"/><line nr="798" mi="0" ci="2" mb="1" cb="1"/><line nr="799" mi="14" ci="0" mb="0" cb="0"/><line nr="801" mi="0" ci="6" mb="0" cb="0"/><line nr="802" mi="0" ci="2" mb="0" cb="0"/><line nr="804" mi="0" ci="1" mb="0" cb="0"/><line nr="819" mi="0" ci="4" mb="0" cb="0"/><line nr="820" mi="0" ci="1" mb="0" cb="0"/><line nr="828" mi="3" ci="0" mb="0" cb="0"/><line nr="837" mi="3" ci="0" mb="0" cb="0"/><line nr="846" mi="0" ci="3" mb="0" cb="0"/><line nr="857" mi="0" ci="7" mb="0" cb="0"/><line nr="858" mi="0" ci="2" mb="1" cb="1"/><line nr="859" mi="13" ci="0" mb="0" cb="0"/><line nr="860" mi="1" ci="0" mb="0" cb="0"/><line nr="863" mi="0" ci="3" mb="0" cb="0"/><line nr="864" mi="0" ci="6" mb="0" cb="0"/><line nr="866" mi="0" ci="2" mb="0" cb="0"/><line nr="867" mi="1" ci="0" mb="0" cb="0"/><line nr="868" mi="7" ci="0" mb="0" cb="0"/><line nr="869" mi="1" ci="0" mb="0" cb="0"/><line nr="870" mi="4" ci="0" mb="0" cb="0"/><line nr="871" mi="0" ci="1" mb="0" cb="0"/><line nr="872" mi="0" ci="1" mb="0" cb="0"/><line nr="883" mi="5" ci="0" mb="0" cb="0"/><line nr="894" mi="0" ci="4" mb="0" cb="0"/><line nr="895" mi="0" ci="5" mb="2" cb="2"/><line nr="896" mi="0" ci="3" mb="0" cb="0"/><line nr="899" mi="7" ci="0" mb="0" cb="0"/><line nr="900" mi="9" ci="0" mb="4" cb="0"/><line nr="901" mi="3" ci="0" mb="0" cb="0"/><line nr="903" mi="2" ci="0" mb="0" cb="0"/><line nr="916" mi="0" ci="6" mb="0" cb="0"/><line nr="931" mi="0" ci="16" mb="0" cb="0"/><line nr="932" mi="0" ci="4" mb="0" cb="0"/><line nr="935" mi="0" ci="8" mb="0" cb="0"/><line nr="937" mi="0" ci="4" mb="0" cb="0"/><line nr="939" mi="0" ci="8" mb="0" cb="0"/><line nr="940" mi="0" ci="5" mb="0" cb="0"/><line nr="943" mi="0" ci="12" mb="0" cb="0"/><line nr="945" mi="0" ci="4" mb="0" cb="0"/><line nr="948" mi="0" ci="6" mb="0" cb="0"/><line nr="950" mi="0" ci="8" mb="0" cb="0"/><line nr="951" mi="1" ci="0" mb="0" cb="0"/><line nr="952" mi="10" ci="0" mb="0" cb="0"/><line nr="953" mi="5" ci="0" mb="0" cb="0"/><line nr="954" mi="5" ci="0" mb="0" cb="0"/><line nr="971" mi="0" ci="4" mb="0" cb="0"/><line nr="973" mi="0" ci="4" mb="0" cb="0"/><line nr="974" mi="0" ci="4" mb="0" cb="0"/><line nr="975" mi="0" ci="4" mb="0" cb="0"/><line nr="977" mi="0" ci="8" mb="0" cb="0"/><line nr="978" mi="0" ci="4" mb="0" cb="0"/><line nr="979" mi="0" ci="4" mb="0" cb="0"/><line nr="981" mi="0" ci="7" mb="0" cb="0"/><line nr="983" mi="0" ci="4" mb="0" cb="0"/><line nr="985" mi="0" ci="11" mb="0" cb="0"/><line nr="1001" mi="0" ci="6" mb="1" cb="3"/><line nr="1002" mi="0" ci="2" mb="0" cb="0"/><line nr="1005" mi="0" ci="2" mb="0" cb="0"/><line nr="1006" mi="0" ci="12" mb="0" cb="2"/><line nr="1008" mi="0" ci="8" mb="0" cb="0"/><line nr="1009" mi="1" ci="0" mb="0" cb="0"/><line nr="1010" mi="12" ci="0" mb="0" cb="0"/><line nr="1011" mi="2" ci="0" mb="2" cb="0"/><line nr="1012" mi="4" ci="0" mb="0" cb="0"/><line nr="1014" mi="3" ci="0" mb="0" cb="0"/><line nr="1015" mi="0" ci="1" mb="0" cb="0"/><line nr="1016" mi="0" ci="1" mb="0" cb="0"/><line nr="1017" mi="0" ci="2" mb="0" cb="0"/><line nr="1036" mi="0" ci="7" mb="0" cb="0"/><line nr="1038" mi="0" ci="10" mb="0" cb="2"/><line nr="1039" mi="0" ci="10" mb="0" cb="2"/><line nr="1040" mi="0" ci="4" mb="1" cb="1"/><line nr="1041" mi="1" ci="0" mb="0" cb="0"/><line nr="1044" mi="0" ci="2" mb="0" cb="0"/><line nr="1045" mi="0" ci="2" mb="0" cb="0"/><line nr="1046" mi="0" ci="2" mb="0" cb="0"/><line nr="1047" mi="0" ci="2" mb="0" cb="0"/><line nr="1048" mi="0" ci="2" mb="0" cb="0"/><line nr="1049" mi="0" ci="2" mb="0" cb="0"/><line nr="1050" mi="0" ci="6" mb="0" cb="2"/><line nr="1051" mi="0" ci="11" mb="1" cb="1"/><line nr="1052" mi="0" ci="3" mb="0" cb="0"/><line nr="1053" mi="0" ci="7" mb="2" cb="2"/><line nr="1055" mi="0" ci="6" mb="0" cb="0"/><line nr="1056" mi="0" ci="3" mb="0" cb="0"/><line nr="1057" mi="0" ci="3" mb="0" cb="0"/><line nr="1058" mi="0" ci="3" mb="0" cb="0"/><line nr="1059" mi="0" ci="3" mb="0" cb="0"/><line nr="1060" mi="0" ci="3" mb="0" cb="0"/><line nr="1061" mi="0" ci="1" mb="0" cb="0"/><line nr="1063" mi="1" ci="0" mb="0" cb="0"/><line nr="1064" mi="0" ci="2" mb="1" cb="1"/><line nr="1065" mi="12" ci="0" mb="0" cb="0"/><line nr="1066" mi="2" ci="0" mb="2" cb="0"/><line nr="1067" mi="4" ci="0" mb="0" cb="0"/><line nr="1069" mi="11" ci="0" mb="0" cb="0"/><line nr="1070" mi="4" ci="0" mb="0" cb="0"/><line nr="1073" mi="0" ci="3" mb="0" cb="0"/><line nr="1075" mi="0" ci="3" mb="0" cb="2"/><line nr="1079" mi="0" ci="12" mb="0" cb="0"/><line nr="1080" mi="0" ci="3" mb="0" cb="0"/><line nr="1082" mi="0" ci="4" mb="0" cb="0"/><line nr="1084" mi="7" ci="0" mb="0" cb="0"/><line nr="1085" mi="0" ci="1" mb="0" cb="0"/><line nr="1086" mi="0" ci="12" mb="0" cb="0"/><line nr="1087" mi="0" ci="2" mb="0" cb="0"/><line nr="1088" mi="0" ci="8" mb="2" cb="2"/><line nr="1089" mi="0" ci="2" mb="0" cb="0"/><line nr="1091" mi="0" ci="2" mb="1" cb="1"/><line nr="1092" mi="2" ci="0" mb="2" cb="0"/><line nr="1093" mi="4" ci="0" mb="0" cb="0"/><line nr="1095" mi="3" ci="0" mb="0" cb="0"/><line nr="1097" mi="0" ci="1" mb="0" cb="0"/><line nr="1098" mi="1" ci="0" mb="0" cb="0"/><line nr="1100" mi="0" ci="7" mb="1" cb="3"/><line nr="1101" mi="0" ci="6" mb="0" cb="2"/><line nr="1102" mi="0" ci="3" mb="1" cb="1"/><line nr="1103" mi="0" ci="1" mb="0" cb="0"/><line nr="1105" mi="0" ci="3" mb="0" cb="0"/><line nr="1106" mi="0" ci="3" mb="0" cb="0"/><line nr="1107" mi="0" ci="3" mb="0" cb="0"/><line nr="1108" mi="0" ci="3" mb="0" cb="0"/><line nr="1109" mi="0" ci="3" mb="0" cb="0"/><line nr="1110" mi="0" ci="3" mb="0" cb="0"/><line nr="1112" mi="0" ci="4" mb="2" cb="2"/><line nr="1113" mi="0" ci="9" mb="0" cb="0"/><line nr="1114" mi="0" ci="9" mb="0" cb="0"/><line nr="1115" mi="0" ci="2" mb="1" cb="1"/><line nr="1116" mi="0" ci="2" mb="0" cb="0"/><line nr="1117" mi="0" ci="4" mb="1" cb="1"/><line nr="1118" mi="0" ci="6" mb="0" cb="0"/><line nr="1120" mi="10" ci="0" mb="2" cb="0"/><line nr="1121" mi="6" ci="0" mb="2" cb="0"/><line nr="1122" mi="2" ci="0" mb="0" cb="0"/><line nr="1123" mi="1" ci="0" mb="0" cb="0"/><line nr="1125" mi="1" ci="0" mb="0" cb="0"/><line nr="1127" mi="0" ci="2" mb="1" cb="1"/><line nr="1128" mi="0" ci="7" mb="0" cb="0"/><line nr="1129" mi="0" ci="5" mb="0" cb="0"/><line nr="1130" mi="0" ci="2" mb="1" cb="1"/><line nr="1131" mi="10" ci="0" mb="2" cb="0"/><line nr="1132" mi="4" ci="0" mb="0" cb="0"/><line nr="1133" mi="1" ci="0" mb="0" cb="0"/><line nr="1135" mi="0" ci="10" mb="0" cb="0"/><line nr="1136" mi="0" ci="7" mb="0" cb="0"/><line nr="1137" mi="4" ci="1" mb="2" cb="0"/><line nr="1138" mi="8" ci="0" mb="0" cb="0"/><line nr="1139" mi="8" ci="0" mb="0" cb="0"/><line nr="1140" mi="4" ci="0" mb="0" cb="0"/><line nr="1142" mi="6" ci="1" mb="2" cb="0"/><line nr="1143" mi="8" ci="0" mb="0" cb="0"/><line nr="1144" mi="14" ci="0" mb="0" cb="0"/><line nr="1145" mi="4" ci="0" mb="0" cb="0"/><line nr="1146" mi="1" ci="0" mb="0" cb="0"/><line nr="1147" mi="8" ci="0" mb="0" cb="0"/><line nr="1148" mi="14" ci="0" mb="0" cb="0"/><line nr="1149" mi="4" ci="0" mb="0" cb="0"/><line nr="1151" mi="0" ci="1" mb="0" cb="0"/><line nr="1152" mi="8" ci="0" mb="0" cb="0"/><line nr="1153" mi="8" ci="0" mb="0" cb="0"/><line nr="1154" mi="4" ci="0" mb="0" cb="0"/><line nr="1155" mi="2" ci="0" mb="2" cb="0"/><line nr="1156" mi="4" ci="0" mb="0" cb="0"/><line nr="1159" mi="0" ci="1" mb="0" cb="0"/><line nr="1160" mi="0" ci="2" mb="0" cb="0"/><line nr="1180" mi="0" ci="8" mb="0" cb="0"/><line nr="1183" mi="0" ci="7" mb="1" cb="3"/><line nr="1185" mi="0" ci="4" mb="0" cb="0"/><line nr="1186" mi="0" ci="4" mb="0" cb="0"/><line nr="1187" mi="0" ci="4" mb="0" cb="0"/><line nr="1189" mi="0" ci="9" mb="0" cb="0"/><line nr="1190" mi="0" ci="9" mb="0" cb="0"/><line nr="1191" mi="0" ci="9" mb="0" cb="0"/><line nr="1192" mi="1" ci="0" mb="0" cb="0"/><line nr="1193" mi="2" ci="0" mb="2" cb="0"/><line nr="1194" mi="4" ci="0" mb="0" cb="0"/><line nr="1196" mi="3" ci="0" mb="0" cb="0"/><line nr="1197" mi="0" ci="1" mb="0" cb="0"/><line nr="1198" mi="0" ci="15" mb="0" cb="0"/><line nr="1200" mi="0" ci="3" mb="1" cb="1"/><line nr="1201" mi="0" ci="5" mb="0" cb="0"/><line nr="1202" mi="0" ci="10" mb="0" cb="2"/><line nr="1204" mi="0" ci="5" mb="0" cb="0"/><line nr="1205" mi="0" ci="4" mb="0" cb="0"/><line nr="1207" mi="0" ci="6" mb="0" cb="0"/><line nr="1208" mi="0" ci="3" mb="1" cb="1"/><line nr="1209" mi="5" ci="0" mb="0" cb="0"/><line nr="1212" mi="0" ci="10" mb="0" cb="0"/><line nr="1213" mi="1" ci="0" mb="0" cb="0"/><line nr="1214" mi="2" ci="0" mb="2" cb="0"/><line nr="1215" mi="4" ci="0" mb="0" cb="0"/><line nr="1217" mi="3" ci="0" mb="0" cb="0"/><line nr="1218" mi="4" ci="0" mb="0" cb="0"/><line nr="1219" mi="0" ci="1" mb="0" cb="0"/><line nr="1221" mi="0" ci="4" mb="0" cb="0"/><line nr="1222" mi="0" ci="4" mb="0" cb="0"/><line nr="1223" mi="0" ci="4" mb="0" cb="0"/><line nr="1224" mi="0" ci="4" mb="0" cb="0"/><line nr="1225" mi="0" ci="4" mb="0" cb="0"/><line nr="1226" mi="0" ci="4" mb="0" cb="0"/><line nr="1227" mi="0" ci="4" mb="0" cb="0"/><line nr="1228" mi="0" ci="4" mb="0" cb="0"/><line nr="1229" mi="0" ci="4" mb="0" cb="0"/><line nr="1230" mi="0" ci="4" mb="0" cb="0"/><line nr="1231" mi="0" ci="4" mb="0" cb="0"/><line nr="1234" mi="3" ci="0" mb="0" cb="0"/><line nr="1238" mi="0" ci="4" mb="0" cb="0"/><line nr="1239" mi="0" ci="16" mb="0" cb="2"/><line nr="1240" mi="0" ci="4" mb="0" cb="0"/><line nr="1241" mi="0" ci="16" mb="0" cb="2"/><line nr="1242" mi="0" ci="8" mb="0" cb="0"/><line nr="1243" mi="0" ci="3" mb="1" cb="1"/><line nr="1244" mi="0" ci="6" mb="0" cb="0"/><line nr="1250" mi="0" ci="2" mb="0" cb="0"/><line nr="1264" mi="0" ci="6" mb="0" cb="0"/><line nr="1283" mi="0" ci="11" mb="0" cb="0"/><line nr="1284" mi="0" ci="6" mb="0" cb="0"/><line nr="1285" mi="0" ci="12" mb="0" cb="0"/><line nr="1287" mi="0" ci="11" mb="1" cb="1"/><line nr="1289" mi="0" ci="10" mb="0" cb="0"/><line nr="1290" mi="0" ci="15" mb="0" cb="0"/><line nr="1291" mi="0" ci="12" mb="0" cb="0"/><line nr="1293" mi="0" ci="7" mb="0" cb="2"/><line nr="1294" mi="0" ci="6" mb="1" cb="1"/><line nr="1295" mi="0" ci="5" mb="1" cb="1"/><line nr="1297" mi="0" ci="8" mb="0" cb="0"/><line nr="1298" mi="0" ci="12" mb="0" cb="0"/><line nr="1299" mi="0" ci="11" mb="0" cb="0"/><line nr="1301" mi="0" ci="7" mb="0" cb="0"/><line nr="1303" mi="0" ci="3" mb="1" cb="1"/><line nr="1304" mi="0" ci="4" mb="0" cb="0"/><line nr="1305" mi="0" ci="7" mb="0" cb="0"/><line nr="1307" mi="5" ci="0" mb="0" cb="0"/><line nr="1309" mi="0" ci="20" mb="0" cb="0"/><line nr="1310" mi="0" ci="4" mb="0" cb="0"/><line nr="1311" mi="0" ci="4" mb="0" cb="0"/><line nr="1312" mi="0" ci="4" mb="0" cb="0"/><line nr="1313" mi="0" ci="3" mb="0" cb="0"/><line nr="1314" mi="0" ci="3" mb="0" cb="0"/><line nr="1316" mi="0" ci="8" mb="0" cb="0"/><line nr="1317" mi="0" ci="8" mb="0" cb="0"/><line nr="1319" mi="0" ci="8" mb="0" cb="0"/><line nr="1320" mi="0" ci="8" mb="0" cb="0"/><line nr="1321" mi="0" ci="3" mb="0" cb="0"/><line nr="1324" mi="0" ci="6" mb="0" cb="0"/><line nr="1325" mi="0" ci="6" mb="0" cb="0"/><line nr="1326" mi="1" ci="0" mb="0" cb="0"/><line nr="1327" mi="11" ci="0" mb="0" cb="0"/><line nr="1328" mi="13" ci="0" mb="0" cb="0"/><line nr="1329" mi="0" ci="1" mb="0" cb="0"/><line nr="1330" mi="0" ci="3" mb="0" cb="0"/><line nr="1332" mi="0" ci="16" mb="0" cb="0"/><line nr="1333" mi="0" ci="4" mb="0" cb="0"/><line nr="1334" mi="0" ci="3" mb="0" cb="0"/><line nr="1335" mi="0" ci="3" mb="1" cb="1"/><line nr="1336" mi="7" ci="0" mb="0" cb="0"/><line nr="1338" mi="4" ci="7" mb="1" cb="1"/><line nr="1339" mi="4" ci="0" mb="0" cb="0"/><line nr="1340" mi="3" ci="0" mb="2" cb="0"/><line nr="1341" mi="5" ci="0" mb="0" cb="0"/><line nr="1343" mi="3" ci="0" mb="2" cb="0"/><line nr="1344" mi="7" ci="0" mb="0" cb="0"/><line nr="1346" mi="3" ci="0" mb="2" cb="0"/><line nr="1347" mi="5" ci="0" mb="0" cb="0"/><line nr="1348" mi="5" ci="0" mb="2" cb="0"/><line nr="1349" mi="16" ci="0" mb="0" cb="0"/><line nr="1351" mi="1" ci="0" mb="0" cb="0"/><line nr="1352" mi="0" ci="3" mb="0" cb="0"/><line nr="1353" mi="0" ci="2" mb="0" cb="0"/><line nr="1355" mi="0" ci="1" mb="0" cb="0"/><line nr="1356" mi="2" ci="0" mb="0" cb="0"/><line nr="1370" mi="0" ci="3" mb="1" cb="1"/><line nr="1371" mi="2" ci="0" mb="0" cb="0"/><line nr="1373" mi="0" ci="6" mb="0" cb="0"/><line nr="1384" mi="0" ci="7" mb="0" cb="0"/><line nr="1385" mi="0" ci="8" mb="0" cb="0"/><line nr="1386" mi="0" ci="3" mb="0" cb="0"/><line nr="1387" mi="0" ci="2" mb="0" cb="0"/><line nr="1399" mi="0" ci="2" mb="0" cb="0"/><line nr="1400" mi="0" ci="5" mb="0" cb="0"/><line nr="1401" mi="0" ci="4" mb="0" cb="0"/><line nr="1403" mi="0" ci="2" mb="0" cb="0"/><line nr="1404" mi="0" ci="1" mb="0" cb="0"/><line nr="1405" mi="0" ci="5" mb="0" cb="0"/><line nr="1406" mi="0" ci="1" mb="0" cb="0"/><line nr="1407" mi="0" ci="5" mb="1" cb="3"/><line nr="1409" mi="0" ci="5" mb="0" cb="0"/><line nr="1410" mi="0" ci="2" mb="1" cb="1"/><line nr="1413" mi="8" ci="0" mb="0" cb="0"/><line nr="1416" mi="0" ci="3" mb="0" cb="0"/><line nr="1417" mi="0" ci="11" mb="0" cb="2"/><line nr="1418" mi="0" ci="13" mb="0" cb="0"/><line nr="1419" mi="0" ci="1" mb="0" cb="0"/><line nr="1420" mi="1" ci="0" mb="0" cb="0"/><line nr="1421" mi="2" ci="0" mb="2" cb="0"/><line nr="1422" mi="6" ci="0" mb="0" cb="0"/><line nr="1424" mi="3" ci="0" mb="0" cb="0"/><line nr="1426" mi="3" ci="0" mb="2" cb="0"/><line nr="1427" mi="6" ci="0" mb="0" cb="0"/><line nr="1429" mi="5" ci="0" mb="0" cb="0"/><line nr="1431" mi="0" ci="1" mb="0" cb="0"/><line nr="1432" mi="0" ci="6" mb="0" cb="0"/><line nr="1433" mi="0" ci="4" mb="0" cb="0"/><line nr="1434" mi="0" ci="5" mb="1" cb="3"/><line nr="1435" mi="0" ci="6" mb="0" cb="0"/><line nr="1438" mi="1" ci="0" mb="0" cb="0"/><line nr="1439" mi="4" ci="0" mb="2" cb="0"/><line nr="1440" mi="5" ci="0" mb="0" cb="0"/><line nr="1442" mi="2" ci="0" mb="0" cb="0"/><line nr="1443" mi="3" ci="0" mb="2" cb="0"/><line nr="1444" mi="6" ci="0" mb="0" cb="0"/><line nr="1446" mi="5" ci="0" mb="0" cb="0"/><line nr="1448" mi="0" ci="3" mb="0" cb="0"/><line nr="1450" mi="0" ci="1" mb="0" cb="0"/><line nr="1463" mi="0" ci="2" mb="0" cb="0"/><line nr="1464" mi="0" ci="2" mb="1" cb="1"/><line nr="1465" mi="0" ci="3" mb="0" cb="0"/><line nr="1467" mi="6" ci="0" mb="0" cb="0"/><line nr="1468" mi="3" ci="0" mb="2" cb="0"/><line nr="1469" mi="3" ci="0" mb="0" cb="0"/><line nr="1472" mi="0" ci="3" mb="1" cb="1"/><line nr="1473" mi="11" ci="0" mb="0" cb="0"/><line nr="1474" mi="3" ci="0" mb="2" cb="0"/><line nr="1475" mi="6" ci="0" mb="0" cb="0"/><line nr="1477" mi="4" ci="0" mb="0" cb="0"/><line nr="1478" mi="4" ci="0" mb="2" cb="0"/><line nr="1479" mi="4" ci="0" mb="0" cb="0"/><line nr="1481" mi="1" ci="0" mb="0" cb="0"/><line nr="1482" mi="0" ci="11" mb="0" cb="0"/><line nr="1483" mi="0" ci="4" mb="1" cb="1"/><line nr="1484" mi="5" ci="0" mb="0" cb="0"/><line nr="1487" mi="0" ci="2" mb="0" cb="0"/><line nr="1506" mi="0" ci="3" mb="0" cb="0"/><line nr="1516" mi="0" ci="3" mb="0" cb="0"/><line nr="1517" mi="0" ci="1" mb="0" cb="0"/><line nr="1525" mi="3" ci="0" mb="0" cb="0"/><line nr="1536" mi="0" ci="2" mb="0" cb="0"/><line nr="1546" mi="0" ci="3" mb="0" cb="0"/><line nr="1547" mi="8" ci="4" mb="5" cb="1"/><line nr="1548" mi="0" ci="2" mb="0" cb="0"/><line nr="1549" mi="4" ci="0" mb="2" cb="0"/><line nr="1550" mi="2" ci="0" mb="0" cb="0"/><line nr="1551" mi="4" ci="0" mb="2" cb="0"/><line nr="1552" mi="2" ci="0" mb="0" cb="0"/><line nr="1553" mi="4" ci="0" mb="2" cb="0"/><line nr="1554" mi="2" ci="0" mb="0" cb="0"/><line nr="1555" mi="4" ci="0" mb="2" cb="0"/><line nr="1556" mi="2" ci="0" mb="0" cb="0"/><line nr="1558" mi="4" ci="0" mb="0" cb="0"/><line nr="1559" mi="2" ci="0" mb="0" cb="0"/><line nr="1570" mi="0" ci="2" mb="0" cb="0"/><line nr="1583" mi="0" ci="2" mb="0" cb="0"/><line nr="1584" mi="0" ci="6" mb="0" cb="0"/><line nr="1593" mi="0" ci="5" mb="0" cb="0"/><line nr="1594" mi="0" ci="2" mb="0" cb="0"/><line nr="1596" mi="0" ci="6" mb="0" cb="0"/><line nr="1597" mi="0" ci="4" mb="0" cb="0"/><line nr="1598" mi="1" ci="0" mb="0" cb="0"/><line nr="1599" mi="4" ci="0" mb="0" cb="0"/><line nr="1600" mi="4" ci="0" mb="2" cb="0"/><line nr="1601" mi="5" ci="0" mb="0" cb="0"/><line nr="1604" mi="0" ci="2" mb="1" cb="1"/><line nr="1606" mi="0" ci="2" mb="0" cb="0"/><line nr="1607" mi="1" ci="0" mb="0" cb="0"/><line nr="1608" mi="4" ci="0" mb="2" cb="0"/><line nr="1609" mi="5" ci="0" mb="0" cb="0"/><line nr="1611" mi="0" ci="1" mb="0" cb="0"/><line nr="1614" mi="0" ci="6" mb="0" cb="0"/><line nr="1615" mi="0" ci="6" mb="0" cb="0"/><line nr="1616" mi="0" ci="6" mb="0" cb="0"/><line nr="1617" mi="0" ci="6" mb="0" cb="0"/><line nr="1618" mi="0" ci="6" mb="0" cb="0"/><line nr="1619" mi="0" ci="6" mb="0" cb="0"/><line nr="1621" mi="0" ci="3" mb="0" cb="0"/><line nr="1622" mi="0" ci="2" mb="1" cb="1"/><line nr="1623" mi="6" ci="0" mb="0" cb="0"/><line nr="1624" mi="7" ci="0" mb="0" cb="0"/><line nr="1625" mi="3" ci="0" mb="0" cb="0"/><line nr="1626" mi="3" ci="0" mb="0" cb="0"/><line nr="1627" mi="5" ci="0" mb="0" cb="0"/><line nr="1628" mi="5" ci="0" mb="0" cb="0"/><line nr="1629" mi="6" ci="0" mb="0" cb="0"/><line nr="1631" mi="0" ci="3" mb="0" cb="0"/><line nr="1632" mi="0" ci="5" mb="0" cb="0"/><line nr="1633" mi="0" ci="7" mb="0" cb="0"/><line nr="1634" mi="0" ci="6" mb="0" cb="0"/><line nr="1635" mi="0" ci="6" mb="0" cb="0"/><line nr="1636" mi="0" ci="6" mb="0" cb="0"/><line nr="1637" mi="0" ci="6" mb="0" cb="0"/><line nr="1638" mi="0" ci="6" mb="0" cb="0"/><line nr="1639" mi="0" ci="6" mb="0" cb="0"/><line nr="1640" mi="0" ci="6" mb="0" cb="0"/><line nr="1641" mi="0" ci="6" mb="0" cb="0"/><line nr="1642" mi="0" ci="6" mb="0" cb="0"/><line nr="1643" mi="0" ci="6" mb="0" cb="0"/><line nr="1644" mi="0" ci="6" mb="0" cb="0"/><line nr="1645" mi="0" ci="6" mb="0" cb="0"/><line nr="1646" mi="0" ci="6" mb="0" cb="0"/><line nr="1647" mi="0" ci="6" mb="0" cb="0"/><line nr="1648" mi="0" ci="6" mb="0" cb="0"/><line nr="1649" mi="0" ci="6" mb="0" cb="0"/><line nr="1651" mi="0" ci="6" mb="0" cb="0"/><line nr="1652" mi="0" ci="6" mb="0" cb="0"/><line nr="1653" mi="0" ci="6" mb="0" cb="0"/><line nr="1654" mi="0" ci="6" mb="0" cb="0"/><line nr="1655" mi="0" ci="5" mb="0" cb="2"/><line nr="1656" mi="0" ci="3" mb="1" cb="1"/><line nr="1657" mi="7" ci="0" mb="0" cb="0"/><line nr="1660" mi="0" ci="6" mb="0" cb="0"/><line nr="1661" mi="0" ci="6" mb="0" cb="0"/><line nr="1663" mi="0" ci="6" mb="0" cb="0"/><line nr="1665" mi="0" ci="6" mb="0" cb="0"/><line nr="1666" mi="0" ci="6" mb="0" cb="0"/><line nr="1667" mi="0" ci="6" mb="0" cb="0"/><line nr="1668" mi="0" ci="6" mb="0" cb="0"/><line nr="1669" mi="0" ci="6" mb="0" cb="0"/><line nr="1670" mi="0" ci="6" mb="0" cb="0"/><line nr="1671" mi="0" ci="6" mb="0" cb="0"/><line nr="1672" mi="0" ci="6" mb="0" cb="0"/><line nr="1673" mi="0" ci="6" mb="0" cb="0"/><line nr="1674" mi="0" ci="6" mb="0" cb="0"/><line nr="1675" mi="0" ci="6" mb="0" cb="0"/><line nr="1676" mi="0" ci="6" mb="0" cb="0"/><line nr="1677" mi="0" ci="6" mb="0" cb="0"/><line nr="1678" mi="0" ci="6" mb="0" cb="0"/><line nr="1679" mi="0" ci="6" mb="0" cb="0"/><line nr="1680" mi="0" ci="6" mb="0" cb="0"/><line nr="1681" mi="0" ci="6" mb="0" cb="0"/><line nr="1682" mi="0" ci="6" mb="0" cb="0"/><line nr="1683" mi="0" ci="6" mb="0" cb="0"/><line nr="1684" mi="0" ci="6" mb="0" cb="0"/><line nr="1685" mi="0" ci="6" mb="0" cb="0"/><line nr="1687" mi="0" ci="3" mb="1" cb="1"/><line nr="1688" mi="0" ci="7" mb="0" cb="0"/><line nr="1689" mi="0" ci="7" mb="0" cb="0"/><line nr="1693" mi="0" ci="6" mb="0" cb="0"/><line nr="1694" mi="0" ci="6" mb="0" cb="0"/><line nr="1695" mi="0" ci="6" mb="0" cb="0"/><line nr="1697" mi="0" ci="9" mb="3" cb="3"/><line nr="1698" mi="7" ci="0" mb="0" cb="0"/><line nr="1700" mi="0" ci="6" mb="0" cb="0"/><line nr="1701" mi="0" ci="6" mb="0" cb="0"/><line nr="1703" mi="0" ci="6" mb="0" cb="0"/><line nr="1704" mi="0" ci="6" mb="0" cb="0"/><line nr="1705" mi="0" ci="6" mb="0" cb="0"/><line nr="1706" mi="0" ci="6" mb="0" cb="0"/><line nr="1707" mi="0" ci="6" mb="0" cb="0"/><line nr="1708" mi="0" ci="13" mb="0" cb="0"/><line nr="1709" mi="0" ci="7" mb="0" cb="0"/><line nr="1710" mi="0" ci="1" mb="0" cb="0"/><line nr="1722" mi="0" ci="2" mb="1" cb="1"/><line nr="1723" mi="5" ci="0" mb="0" cb="0"/><line nr="1724" mi="2" ci="0" mb="2" cb="0"/><line nr="1725" mi="3" ci="0" mb="0" cb="0"/><line nr="1726" mi="2" ci="0" mb="0" cb="0"/><line nr="1728" mi="4" ci="0" mb="0" cb="0"/><line nr="1729" mi="1" ci="0" mb="0" cb="0"/><line nr="1730" mi="5" ci="0" mb="2" cb="0"/><line nr="1731" mi="7" ci="0" mb="4" cb="0"/><line nr="1733" mi="3" ci="0" mb="0" cb="0"/><line nr="1734" mi="8" ci="0" mb="4" cb="0"/><line nr="1735" mi="15" ci="0" mb="0" cb="0"/><line nr="1737" mi="2" ci="0" mb="0" cb="0"/><line nr="1739" mi="2" ci="0" mb="0" cb="0"/><line nr="1741" mi="1" ci="0" mb="0" cb="0"/><line nr="1742" mi="14" ci="0" mb="0" cb="0"/><line nr="1744" mi="2" ci="0" mb="0" cb="0"/><line nr="1746" mi="1" ci="0" mb="0" cb="0"/><line nr="1747" mi="5" ci="0" mb="0" cb="0"/><line nr="1748" mi="5" ci="0" mb="0" cb="0"/><line nr="1749" mi="1" ci="0" mb="0" cb="0"/><line nr="1750" mi="11" ci="0" mb="0" cb="0"/><line nr="1753" mi="0" ci="1" mb="0" cb="0"/><line nr="1773" mi="4" ci="0" mb="2" cb="0"/><line nr="1774" mi="5" ci="0" mb="0" cb="0"/><line nr="1777" mi="6" ci="0" mb="0" cb="0"/><line nr="1787" mi="0" ci="3" mb="0" cb="0"/><line nr="1788" mi="0" ci="3" mb="0" cb="2"/><line nr="1789" mi="0" ci="2" mb="1" cb="1"/><line nr="1790" mi="9" ci="0" mb="0" cb="0"/><line nr="1792" mi="0" ci="8" mb="0" cb="0"/><line nr="1793" mi="0" ci="8" mb="0" cb="0"/><line nr="1796" mi="0" ci="2" mb="0" cb="0"/><line nr="1804" mi="0" ci="51" mb="0" cb="0"/><line nr="1817" mi="0" ci="16" mb="0" cb="2"/><line nr="1820" mi="0" ci="3" mb="0" cb="0"/><line nr="1821" mi="0" ci="6" mb="0" cb="0"/><line nr="1822" mi="0" ci="3" mb="0" cb="0"/><line nr="1823" mi="0" ci="5" mb="0" cb="0"/><line nr="1824" mi="1" ci="0" mb="0" cb="0"/><line nr="1825" mi="13" ci="0" mb="0" cb="0"/><line nr="1826" mi="0" ci="1" mb="0" cb="0"/><line nr="1828" mi="0" ci="1" mb="0" cb="0"/><line nr="1836" mi="0" ci="3" mb="1" cb="1"/><line nr="1837" mi="0" ci="4" mb="0" cb="0"/><line nr="1838" mi="0" ci="5" mb="2" cb="2"/><line nr="1839" mi="3" ci="0" mb="2" cb="0"/><line nr="1840" mi="10" ci="0" mb="2" cb="0"/><line nr="1841" mi="6" ci="0" mb="2" cb="0"/><line nr="1842" mi="2" ci="0" mb="0" cb="0"/><line nr="1844" mi="2" ci="0" mb="0" cb="0"/><line nr="1846" mi="10" ci="0" mb="2" cb="0"/><line nr="1847" mi="3" ci="0" mb="2" cb="0"/><line nr="1848" mi="2" ci="0" mb="0" cb="0"/><line nr="1850" mi="1" ci="0" mb="0" cb="0"/><line nr="1854" mi="0" ci="2" mb="0" cb="0"/><line nr="1868" mi="0" ci="3" mb="0" cb="0"/><line nr="1877" mi="0" ci="3" mb="0" cb="0"/><line nr="1886" mi="4" ci="10" mb="1" cb="1"/><line nr="1887" mi="0" ci="6" mb="2" cb="2"/><line nr="1888" mi="0" ci="5" mb="0" cb="0"/><line nr="1890" mi="0" ci="2" mb="0" cb="0"/><line nr="1900" mi="0" ci="3" mb="0" cb="2"/><line nr="1901" mi="0" ci="5" mb="0" cb="0"/><line nr="1903" mi="0" ci="3" mb="0" cb="0"/><line nr="1912" mi="0" ci="3" mb="0" cb="0"/><line nr="1921" mi="0" ci="3" mb="0" cb="0"/><line nr="1934" mi="0" ci="4" mb="0" cb="0"/><line nr="1935" mi="0" ci="16" mb="0" cb="2"/><line nr="1936" mi="0" ci="2" mb="0" cb="0"/><line nr="1937" mi="0" ci="11" mb="0" cb="2"/><line nr="1938" mi="0" ci="14" mb="3" cb="3"/><line nr="1939" mi="0" ci="9" mb="1" cb="3"/><line nr="1940" mi="2" ci="0" mb="2" cb="0"/><line nr="1941" mi="2" ci="0" mb="0" cb="0"/><line nr="1942" mi="9" ci="0" mb="0" cb="0"/><line nr="1943" mi="6" ci="0" mb="0" cb="0"/><line nr="1945" mi="7" ci="0" mb="0" cb="0"/><line nr="1948" mi="0" ci="1" mb="0" cb="0"/><line nr="1950" mi="0" ci="3" mb="1" cb="1"/><line nr="1952" mi="3" ci="0" mb="2" cb="0"/><line nr="1953" mi="3" ci="0" mb="2" cb="0"/><line nr="1954" mi="9" ci="0" mb="0" cb="0"/><line nr="1955" mi="2" ci="0" mb="0" cb="0"/><line nr="1957" mi="10" ci="0" mb="0" cb="0"/><line nr="1958" mi="7" ci="0" mb="0" cb="0"/><line nr="1961" mi="5" ci="0" mb="0" cb="0"/><line nr="1964" mi="5" ci="0" mb="0" cb="0"/><line nr="1966" mi="0" ci="1" mb="0" cb="0"/><line nr="1976" mi="0" ci="3" mb="1" cb="1"/><line nr="1977" mi="0" ci="4" mb="0" cb="0"/><line nr="1979" mi="0" ci="1" mb="0" cb="0"/><counter type="INSTRUCTION" missed="921" covered="1939"/><counter type="BRANCH" missed="163" covered="111"/><counter type="LINE" missed="188" covered="376"/><counter type="COMPLEXITY" missed="119" covered="63"/><counter type="METHOD" missed="5" covered="40"/><counter type="CLASS" missed="0" covered="1"/></sourcefile><sourcefile name="FilteringDependencyTransitiveNodeVisitor.java"><line nr="50" mi="0" ci="2" mb="0" cb="0"/><line nr="51" mi="0" ci="3" mb="0" cb="0"/><line nr="52" mi="0" ci="3" mb="0" cb="0"/><line nr="53" mi="0" ci="1" mb="0" cb="0"/><line nr="62" mi="0" ci="5" mb="1" cb="1"/><line nr="63" mi="0" ci="6" mb="0" cb="0"/><line nr="65" mi="2" ci="0" mb="0" cb="0"/><line nr="68" mi="0" ci="2" mb="0" cb="0"/><line nr="78" mi="0" ci="5" mb="1" cb="1"/><line nr="79" mi="0" ci="6" mb="0" cb="0"/><line nr="81" mi="2" ci="0" mb="0" cb="0"/><line nr="84" mi="0" ci="2" mb="0" cb="0"/><line nr="93" mi="3" ci="0" mb="0" cb="0"/><line nr="103" mi="3" ci="0" mb="0" cb="0"/><counter type="INSTRUCTION" missed="10" covered="35"/><counter type="BRANCH" missed="2" covered="2"/><counter type="LINE" missed="4" covered="10"/><counter type="COMPLEXITY" missed="4" covered="3"/><counter type="METHOD" missed="2" covered="3"/><counter type="CLASS" missed="0" covered="1"/></sourcefile><sourcefile name="ArtifactTypeExcluded.java"><line nr="42" mi="0" ci="2" mb="0" cb="0"/><line nr="43" mi="0" ci="3" mb="0" cb="0"/><line nr="44" mi="0" ci="1" mb="0" cb="0"/><line nr="52" mi="0" ci="16" mb="0" cb="6"/><counter type="INSTRUCTION" missed="0" covered="22"/><counter type="BRANCH" missed="0" covered="6"/><counter type="LINE" missed="0" covered="4"/><counter type="COMPLEXITY" missed="0" covered="5"/><counter type="METHOD" missed="0" covered="2"/><counter type="CLASS" missed="0" covered="1"/></sourcefile><sourcefile name="ArtifactScopeExcluded.java"><line nr="60" mi="0" ci="2" mb="0" cb="0"/><line nr="61" mi="0" ci="3" mb="0" cb="0"/><line nr="62" mi="0" ci="3" mb="0" cb="0"/><line nr="63" mi="0" ci="3" mb="0" cb="0"/><line nr="64" mi="0" ci="3" mb="0" cb="0"/><line nr="65" mi="0" ci="1" mb="0" cb="0"/><line nr="77" mi="0" ci="7" mb="1" cb="3"/><line nr="78" mi="0" ci="2" mb="0" cb="0"/><line nr="80" mi="4" ci="3" mb="3" cb="1"/><line nr="81" mi="2" ci="0" mb="0" cb="0"/><line nr="83" mi="0" ci="7" mb="1" cb="3"/><line nr="84" mi="0" ci="2" mb="0" cb="0"/><line nr="86" mi="0" ci="7" mb="0" cb="4"/><line nr="87" mi="0" ci="2" mb="0" cb="0"/><line nr="89" mi="4" ci="6" mb="3" cb="3"/><line nr="90" mi="2" ci="0" mb="0" cb="0"/><line nr="92" mi="0" ci="2" mb="0" cb="0"/><counter type="INSTRUCTION" missed="12" covered="53"/><counter type="BRANCH" missed="8" covered="14"/><counter type="LINE" missed="2" covered="15"/><counter type="COMPLEXITY" missed="6" covered="7"/><counter type="METHOD" missed="0" covered="2"/><counter type="CLASS" missed="0" covered="1"/></sourcefile><sourcefile name="HelpMojo.java"><line nr="29" mi="3" ci="0" mb="0" cb="0"/><line nr="69" mi="4" ci="0" mb="0" cb="0"/><line nr="70" mi="2" ci="0" mb="0" cb="0"/><line nr="73" mi="5" ci="0" mb="0" cb="0"/><line nr="74" mi="2" ci="0" mb="0" cb="0"/><line nr="75" mi="3" ci="0" mb="0" cb="0"/><line nr="76" mi="6" ci="0" mb="0" cb="0"/><line nr="78" mi="1" ci="0" mb="0" cb="0"/><line nr="80" mi="7" ci="0" mb="0" cb="0"/><line nr="82" mi="1" ci="0" mb="0" cb="0"/><line nr="84" mi="7" ci="0" mb="0" cb="0"/><line nr="86" mi="1" ci="0" mb="0" cb="0"/><line nr="88" mi="7" ci="0" mb="0" cb="0"/><line nr="92" mi="2" ci="0" mb="2" cb="0"/><line nr="96" mi="2" ci="0" mb="0" cb="0"/><line nr="98" mi="1" ci="0" mb="0" cb="0"/><line nr="100" mi="7" ci="0" mb="0" cb="0"/><line nr="101" mi="1" ci="0" mb="0" cb="0"/><line nr="112" mi="3" ci="0" mb="2" cb="0"/><line nr="114" mi="4" ci="0" mb="0" cb="0"/><line nr="115" mi="3" ci="0" mb="0" cb="0"/><line nr="117" mi="3" ci="0" mb="2" cb="0"/><line nr="119" mi="4" ci="0" mb="0" cb="0"/><line nr="120" mi="3" ci="0" mb="0" cb="0"/><line nr="123" mi="3" ci="0" mb="0" cb="0"/><line nr="125" mi="4" ci="0" mb="0" cb="0"/><line nr="126" mi="5" ci="0" mb="0" cb="0"/><line nr="129" mi="5" ci="0" mb="0" cb="0"/><line nr="130" mi="5" ci="0" mb="0" cb="0"/><line nr="131" mi="21" ci="0" mb="0" cb="0"/><line nr="132" mi="7" ci="0" mb="4" cb="0"/><line nr="134" mi="15" ci="0" mb="0" cb="0"/><line nr="138" mi="3" ci="0" mb="2" cb="0"/><line nr="140" mi="6" ci="0" mb="0" cb="0"/><line nr="144" mi="5" ci="0" mb="0" cb="0"/><line nr="147" mi="8" ci="0" mb="0" cb="0"/><line nr="148" mi="5" ci="0" mb="0" cb="0"/><line nr="151" mi="5" ci="0" mb="0" cb="0"/><line nr="153" mi="5" ci="0" mb="0" cb="0"/><line nr="155" mi="5" ci="0" mb="0" cb="0"/><line nr="157" mi="7" ci="0" mb="4" cb="0"/><line nr="159" mi="21" ci="0" mb="2" cb="0"/><line nr="160" mi="5" ci="0" mb="0" cb="0"/><line nr="163" mi="10" ci="0" mb="2" cb="0"/><line nr="165" mi="6" ci="0" mb="0" cb="0"/><line nr="166" mi="1" ci="0" mb="0" cb="0"/><line nr="168" mi="4" ci="0" mb="2" cb="0"/><line nr="170" mi="5" ci="0" mb="0" cb="0"/><line nr="172" mi="1" ci="0" mb="0" cb="0"/><line nr="177" mi="9" ci="0" mb="4" cb="0"/><line nr="183" mi="6" ci="0" mb="0" cb="0"/><line nr="189" mi="5" ci="0" mb="0" cb="0"/><line nr="190" mi="3" ci="0" mb="2" cb="0"/><line nr="192" mi="14" ci="0" mb="0" cb="0"/><line nr="194" mi="4" ci="0" mb="2" cb="0"/><line nr="196" mi="14" ci="0" mb="0" cb="0"/><line nr="198" mi="5" ci="0" mb="0" cb="0"/><line nr="203" mi="4" ci="0" mb="0" cb="0"/><line nr="204" mi="3" ci="0" mb="0" cb="0"/><line nr="205" mi="8" ci="0" mb="2" cb="0"/><line nr="207" mi="4" ci="0" mb="0" cb="0"/><line nr="208" mi="5" ci="0" mb="2" cb="0"/><line nr="210" mi="4" ci="0" mb="0" cb="0"/><line nr="213" mi="2" ci="0" mb="0" cb="0"/><line nr="219" mi="5" ci="0" mb="0" cb="0"/><line nr="220" mi="3" ci="0" mb="2" cb="0"/><line nr="222" mi="2" ci="0" mb="0" cb="0"/><line nr="224" mi="4" ci="0" mb="2" cb="0"/><line nr="226" mi="14" ci="0" mb="0" cb="0"/><line nr="228" mi="5" ci="0" mb="0" cb="0"/><line nr="234" mi="5" ci="0" mb="0" cb="0"/><line nr="235" mi="5" ci="0" mb="0" cb="0"/><line nr="236" mi="5" ci="0" mb="0" cb="0"/><line nr="237" mi="12" ci="0" mb="6" cb="0"/><line nr="239" mi="14" ci="0" mb="0" cb="0"/><line nr="240" mi="5" ci="0" mb="0" cb="0"/><line nr="241" mi="6" ci="0" mb="4" cb="0"/><line nr="243" mi="13" ci="0" mb="0" cb="0"/><line nr="244" mi="5" ci="0" mb="4" cb="0"/><line nr="246" mi="5" ci="0" mb="0" cb="0"/><line nr="247" mi="7" ci="0" mb="0" cb="0"/><line nr="250" mi="2" ci="0" mb="2" cb="0"/><line nr="252" mi="6" ci="0" mb="0" cb="0"/><line nr="254" mi="5" ci="0" mb="0" cb="0"/><line nr="256" mi="3" ci="0" mb="2" cb="0"/><line nr="258" mi="5" ci="0" mb="0" cb="0"/><line nr="259" mi="5" ci="0" mb="0" cb="0"/><line nr="260" mi="5" ci="0" mb="0" cb="0"/><line nr="261" mi="5" ci="0" mb="0" cb="0"/><line nr="263" mi="10" ci="0" mb="2" cb="0"/><line nr="265" mi="5" ci="0" mb="0" cb="0"/><line nr="266" mi="1" ci="0" mb="0" cb="0"/><line nr="269" mi="1" ci="0" mb="0" cb="0"/><line nr="274" mi="5" ci="0" mb="0" cb="0"/><line nr="275" mi="5" ci="0" mb="0" cb="0"/><line nr="277" mi="2" ci="0" mb="0" cb="0"/><line nr="278" mi="2" ci="0" mb="2" cb="0"/><line nr="280" mi="6" ci="0" mb="0" cb="0"/><line nr="283" mi="2" ci="0" mb="0" cb="0"/><line nr="284" mi="6" ci="0" mb="4" cb="0"/><line nr="286" mi="13" ci="0" mb="0" cb="0"/><line nr="288" mi="12" ci="0" mb="0" cb="0"/><line nr="289" mi="5" ci="0" mb="0" cb="0"/><line nr="290" mi="6" ci="0" mb="4" cb="0"/><line nr="292" mi="13" ci="0" mb="0" cb="0"/><line nr="293" mi="5" ci="0" mb="0" cb="0"/><line nr="295" mi="5" ci="0" mb="0" cb="0"/><line nr="296" mi="7" ci="0" mb="2" cb="0"/><line nr="298" mi="5" ci="0" mb="0" cb="0"/><line nr="300" mi="6" ci="0" mb="4" cb="0"/><line nr="302" mi="5" ci="0" mb="0" cb="0"/><line nr="303" mi="12" ci="0" mb="0" cb="0"/><line nr="306" mi="5" ci="0" mb="0" cb="0"/><line nr="307" mi="1" ci="0" mb="0" cb="0"/><line nr="320" mi="8" ci="0" mb="0" cb="0"/><line nr="322" mi="7" ci="0" mb="2" cb="0"/><line nr="324" mi="4" ci="0" mb="0" cb="0"/><line nr="327" mi="3" ci="0" mb="0" cb="0"/><line nr="340" mi="16" ci="0" mb="2" cb="0"/><line nr="342" mi="6" ci="0" mb="0" cb="0"/><line nr="343" mi="1" ci="0" mb="0" cb="0"/><line nr="344" mi="1" ci="0" mb="0" cb="0"/><line nr="358" mi="4" ci="0" mb="0" cb="0"/><line nr="360" mi="4" ci="0" mb="0" cb="0"/><line nr="362" mi="4" ci="0" mb="0" cb="0"/><line nr="364" mi="16" ci="0" mb="2" cb="0"/><line nr="366" mi="12" ci="0" mb="0" cb="0"/><line nr="369" mi="2" ci="0" mb="0" cb="0"/><line nr="382" mi="3" ci="0" mb="0" cb="0"/><line nr="383" mi="5" ci="0" mb="0" cb="0"/><line nr="385" mi="4" ci="0" mb="0" cb="0"/><line nr="387" mi="16" ci="0" mb="2" cb="0"/><line nr="389" mi="3" ci="0" mb="2" cb="0"/><line nr="391" mi="7" ci="0" mb="2" cb="0"/><line nr="393" mi="5" ci="0" mb="0" cb="0"/><line nr="394" mi="3" ci="0" mb="0" cb="0"/><line nr="395" mi="9" ci="0" mb="0" cb="0"/><line nr="399" mi="4" ci="0" mb="0" cb="0"/><line nr="403" mi="8" ci="0" mb="2" cb="0"/><line nr="405" mi="4" ci="0" mb="0" cb="0"/><line nr="406" mi="3" ci="0" mb="2" cb="0"/><line nr="408" mi="12" ci="0" mb="0" cb="0"/><line nr="410" mi="3" ci="0" mb="2" cb="0"/><line nr="412" mi="5" ci="0" mb="0" cb="0"/><line nr="416" mi="4" ci="0" mb="0" cb="0"/><line nr="420" mi="5" ci="0" mb="0" cb="0"/><line nr="421" mi="1" ci="0" mb="0" cb="0"/><line nr="431" mi="2" ci="0" mb="0" cb="0"/><line nr="432" mi="13" ci="0" mb="4" cb="0"/><line nr="434" mi="1" ci="0" mb="0" cb="0"/><line nr="436" mi="15" ci="0" mb="4" cb="0"/><line nr="438" mi="5" ci="0" mb="2" cb="0"/><line nr="440" mi="1" ci="0" mb="0" cb="0"/><line nr="441" mi="1" ci="0" mb="0" cb="0"/><line nr="444" mi="2" ci="0" mb="0" cb="0"/><line nr="449" mi="12" ci="0" mb="6" cb="0"/><line nr="450" mi="4" ci="0" mb="2" cb="0"/><line nr="453" mi="8" ci="0" mb="0" cb="0"/><line nr="456" mi="2" ci="0" mb="0" cb="0"/><counter type="INSTRUCTION" missed="893" covered="0"/><counter type="BRANCH" missed="110" covered="0"/><counter type="LINE" missed="159" covered="0"/><counter type="COMPLEXITY" missed="71" covered="0"/><counter type="METHOD" missed="16" covered="0"/><counter type="CLASS" missed="1" covered="0"/></sourcefile><sourcefile name="CheckMojo.java"><line nr="43" mi="0" ci="2" mb="0" cb="0"/><line nr="48" mi="0" ci="4" mb="0" cb="0"/><line nr="60" mi="0" ci="2" mb="0" cb="0"/><line nr="61" mi="0" ci="2" mb="0" cb="0"/><line nr="62" mi="0" ci="12" mb="1" cb="1"/><line nr="63" mi="0" ci="6" mb="1" cb="1"/><line nr="64" mi="0" ci="2" mb="0" cb="0"/><line nr="65" mi="0" ci="1" mb="0" cb="0"/><line nr="67" mi="1" ci="0" mb="0" cb="0"/><line nr="68" mi="0" ci="2" mb="0" cb="0"/><line nr="79" mi="0" ci="3" mb="0" cb="0"/><line nr="91" mi="0" ci="2" mb="0" cb="0"/><line nr="104" mi="0" ci="6" mb="0" cb="0"/><counter type="INSTRUCTION" missed="1" covered="44"/><counter type="BRANCH" missed="2" covered="2"/><counter type="LINE" missed="1" covered="12"/><counter type="COMPLEXITY" missed="2" covered="5"/><counter type="METHOD" missed="0" covered="5"/><counter type="CLASS" missed="0" covered="1"/></sourcefile><sourcefile name="Retirejs.java"><line nr="27" mi="0" ci="3" mb="0" cb="0"/><line nr="47" mi="0" ci="3" mb="0" cb="0"/><line nr="60" mi="0" ci="3" mb="0" cb="0"/><counter type="INSTRUCTION" missed="0" covered="9"/><counter type="LINE" missed="0" covered="3"/><counter type="COMPLEXITY" missed="0" covered="3"/><counter type="METHOD" missed="0" covered="3"/><counter type="CLASS" missed="0" covered="1"/></sourcefile><sourcefile name="UpdateMojo.java"><line nr="47" mi="0" ci="3" mb="0" cb="0"/><line nr="56" mi="2" ci="0" mb="0" cb="0"/><line nr="70" mi="0" ci="5" mb="0" cb="0"/><line nr="72" mi="0" ci="5" mb="1" cb="1"/><line nr="73" mi="5" ci="0" mb="0" cb="0"/><line nr="75" mi="1" ci="0" mb="0" cb="0"/><line nr="76" mi="5" ci="0" mb="0" cb="0"/><line nr="77" mi="0" ci="1" mb="0" cb="0"/><line nr="78" mi="0" ci="2" mb="0" cb="0"/><line nr="79" mi="1" ci="0" mb="0" cb="0"/><line nr="80" mi="4" ci="0" mb="2" cb="0"/><line nr="81" mi="5" ci="0" mb="0" cb="0"/><line nr="83" mi="2" ci="0" mb="0" cb="0"/><line nr="84" mi="3" ci="0" mb="2" cb="0"/><line nr="85" mi="6" ci="0" mb="0" cb="0"/><line nr="87" mi="4" ci="0" mb="0" cb="0"/><line nr="88" mi="1" ci="0" mb="0" cb="0"/><line nr="89" mi="2" ci="0" mb="0" cb="0"/><line nr="90" mi="3" ci="0" mb="2" cb="0"/><line nr="91" mi="6" ci="0" mb="0" cb="0"/><line nr="93" mi="4" ci="0" mb="0" cb="0"/><line nr="94" mi="1" ci="1" mb="0" cb="0"/><line nr="95" mi="0" ci="1" mb="0" cb="0"/><line nr="105" mi="2" ci="0" mb="0" cb="0"/><line nr="117" mi="2" ci="0" mb="0" cb="0"/><line nr="130" mi="5" ci="0" mb="0" cb="0"/><counter type="INSTRUCTION" missed="64" covered="18"/><counter type="BRANCH" missed="7" covered="1"/><counter type="LINE" missed="19" covered="7"/><counter type="COMPLEXITY" missed="8" covered="2"/><counter type="METHOD" missed="4" covered="2"/><counter type="CLASS" missed="0" covered="1"/></sourcefile><sourcefile name="AggregateMojo.java"><line nr="49" mi="0" ci="2" mb="0" cb="0"/><line nr="54" mi="0" ci="4" mb="0" cb="0"/><line nr="67" mi="0" ci="7" mb="0" cb="0"/><line nr="68" mi="0" ci="13" mb="0" cb="2"/><line nr="69" mi="0" ci="6" mb="0" cb="0"/><line nr="70" mi="0" ci="2" mb="1" cb="1"/><line nr="71" mi="2" ci="0" mb="2" cb="0"/><line nr="72" mi="2" ci="0" mb="0" cb="0"/><line nr="74" mi="6" ci="0" mb="0" cb="0"/><line nr="75" mi="3" ci="0" mb="2" cb="0"/><line nr="76" mi="3" ci="0" mb="0" cb="0"/><line nr="77" mi="10" ci="0" mb="0" cb="0"/><line nr="78" mi="3" ci="0" mb="2" cb="0"/><line nr="79" mi="6" ci="0" mb="0" cb="0"/><line nr="81" mi="4" ci="0" mb="0" cb="0"/><line nr="82" mi="4" ci="0" mb="2" cb="0"/><line nr="83" mi="4" ci="0" mb="0" cb="0"/><line nr="87" mi="0" ci="1" mb="0" cb="0"/><line nr="88" mi="0" ci="2" mb="0" cb="0"/><line nr="99" mi="0" ci="2" mb="1" cb="1"/><line nr="100" mi="2" ci="0" mb="0" cb="0"/><line nr="102" mi="0" ci="4" mb="0" cb="0"/><line nr="104" mi="0" ci="4" mb="0" cb="2"/><line nr="105" mi="0" ci="12" mb="0" cb="0"/><line nr="107" mi="0" ci="11" mb="0" cb="2"/><line nr="108" mi="0" ci="11" mb="0" cb="2"/><line nr="110" mi="0" ci="7" mb="0" cb="0"/><line nr="111" mi="0" ci="3" mb="0" cb="0"/><line nr="112" mi="0" ci="10" mb="1" cb="3"/><line nr="113" mi="0" ci="3" mb="0" cb="2"/><line nr="114" mi="0" ci="12" mb="0" cb="0"/><line nr="117" mi="1" ci="0" mb="0" cb="0"/><line nr="118" mi="4" ci="0" mb="2" cb="0"/><line nr="119" mi="5" ci="0" mb="0" cb="0"/><line nr="121" mi="0" ci="1" mb="0" cb="0"/><line nr="122" mi="0" ci="1" mb="0" cb="0"/><line nr="123" mi="0" ci="1" mb="0" cb="0"/><line nr="125" mi="0" ci="3" mb="0" cb="0"/><line nr="126" mi="0" ci="11" mb="0" cb="2"/><line nr="127" mi="0" ci="10" mb="0" cb="4"/><line nr="128" mi="4" ci="4" mb="3" cb="1"/><line nr="129" mi="12" ci="0" mb="0" cb="0"/><line nr="132" mi="0" ci="11" mb="0" cb="2"/><line nr="133" mi="0" ci="11" mb="1" cb="3"/><line nr="134" mi="0" ci="3" mb="0" cb="2"/><line nr="135" mi="0" ci="3" mb="1" cb="1"/><line nr="136" mi="0" ci="12" mb="0" cb="0"/><line nr="138" mi="0" ci="1" mb="0" cb="0"/><line nr="140" mi="0" ci="4" mb="0" cb="0"/><line nr="141" mi="0" ci="10" mb="0" cb="2"/><line nr="142" mi="0" ci="11" mb="0" cb="2"/><line nr="144" mi="0" ci="7" mb="0" cb="0"/><line nr="145" mi="0" ci="3" mb="0" cb="0"/><line nr="146" mi="0" ci="5" mb="0" cb="2"/><line nr="147" mi="0" ci="4" mb="0" cb="0"/><line nr="149" mi="1" ci="0" mb="0" cb="0"/><line nr="150" mi="4" ci="0" mb="2" cb="0"/><line nr="151" mi="5" ci="0" mb="0" cb="0"/><line nr="153" mi="0" ci="1" mb="0" cb="0"/><line nr="154" mi="0" ci="1" mb="0" cb="0"/><line nr="155" mi="0" ci="1" mb="0" cb="0"/><line nr="156" mi="0" ci="10" mb="0" cb="2"/><line nr="157" mi="4" ci="4" mb="3" cb="1"/><line nr="158" mi="12" ci="0" mb="0" cb="0"/><line nr="160" mi="0" ci="1" mb="0" cb="0"/><line nr="161" mi="0" ci="1" mb="0" cb="0"/><line nr="162" mi="0" ci="6" mb="0" cb="4"/><line nr="163" mi="0" ci="4" mb="0" cb="2"/><line nr="164" mi="0" ci="17" mb="0" cb="0"/><line nr="166" mi="0" ci="2" mb="0" cb="0"/><line nr="177" mi="5" ci="0" mb="0" cb="0"/><line nr="182" mi="2" ci="0" mb="0" cb="0"/><line nr="193" mi="3" ci="0" mb="0" cb="0"/><line nr="205" mi="2" ci="0" mb="0" cb="0"/><counter type="INSTRUCTION" missed="113" covered="280"/><counter type="BRANCH" missed="23" covered="45"/><counter type="LINE" missed="24" covered="50"/><counter type="COMPLEXITY" missed="19" covered="22"/><counter type="METHOD" missed="4" covered="3"/><counter type="CLASS" missed="0" covered="1"/></sourcefile><sourcefile name="PurgeMojo.java"><line nr="43" mi="0" ci="3" mb="0" cb="0"/><line nr="52" mi="2" ci="0" mb="0" cb="0"/><line nr="65" mi="0" ci="2" mb="0" cb="0"/><line nr="66" mi="0" ci="9" mb="0" cb="0"/><line nr="67" mi="0" ci="3" mb="0" cb="0"/><line nr="69" mi="0" ci="3" mb="0" cb="0"/><line nr="71" mi="0" ci="1" mb="0" cb="0"/><line nr="81" mi="2" ci="0" mb="0" cb="0"/><line nr="93" mi="2" ci="0" mb="0" cb="0"/><line nr="105" mi="5" ci="0" mb="0" cb="0"/><counter type="INSTRUCTION" missed="11" covered="21"/><counter type="LINE" missed="4" covered="6"/><counter type="COMPLEXITY" missed="4" covered="2"/><counter type="METHOD" missed="4" covered="2"/><counter type="CLASS" missed="0" covered="1"/></sourcefile><counter type="INSTRUCTION" missed="2025" covered="2421"/><counter type="BRANCH" missed="315" covered="181"/><counter type="LINE" missed="401" covered="483"/><counter type="COMPLEXITY" missed="233" covered="112"/><counter type="METHOD" missed="35" covered="62"/><counter type="CLASS" missed="1" covered="9"/></package><counter type="INSTRUCTION" missed="2025" covered="2421"/><counter type="BRANCH" missed="315" covered="181"/><counter type="LINE" missed="401" covered="483"/><counter type="COMPLEXITY" missed="233" covered="112"/><counter type="METHOD" missed="35" covered="62"/><counter type="CLASS" missed="1" covered="9"/></report>