GROUP,PACKAGE,CLASS,INSTRUCTION_MISSED,INSTRUCTION_COVERED,BRANCH_MISSED,BRANCH_COVERED,LINE_MISSED,LINE_COVERED,COMPLEXITY_MISSED,COMPLEXITY_COVERED,METHOD_MISSED,METHOD_COVERED
Dependency-Check Core,org.owasp.dependencycheck.data.central,CentralSearch,99,318,13,25,18,71,11,12,0,4
Dependency-Check Core,org.owasp.dependencycheck.data.cache,DataCache,0,17,0,0,0,6,0,3,0,3
Dependency-Check Core,org.owasp.dependencycheck.data.cache,DataCacheFactory,56,144,2,8,13,34,3,7,1,4
Dependency-Check Core,org.owasp.dependencycheck.data.cache,DataCacheFactory.CacheType,0,34,0,0,0,4,0,1,0,1
Dependency-Check Core,org.owasp.dependencycheck.dependency,VulnerableSoftware,173,496,28,68,31,104,24,39,1,14
Dependency-Check Core,org.owasp.dependencycheck.dependency,Vulnerability.Source,0,54,0,0,0,6,0,1,0,1
Dependency-Check Core,org.owasp.dependencycheck.dependency,CweSet,0,58,0,2,0,14,0,9,0,8
Dependency-Check Core,org.owasp.dependencycheck.dependency,Vulnerability,89,205,9,5,23,66,11,29,4,29
Dependency-Check Core,org.owasp.dependencycheck.dependency,EvidenceCollection.new Filter() {...},0,11,0,2,0,2,0,3,0,2
Dependency-Check Core,org.owasp.dependencycheck.dependency,EvidenceCollection.new Filter() {...},0,11,0,2,0,2,0,3,0,2
Dependency-Check Core,org.owasp.dependencycheck.dependency,EvidenceCollection.new Filter() {...},0,11,0,2,0,2,0,3,0,2
Dependency-Check Core,org.owasp.dependencycheck.dependency,EvidenceCollection.new Filter() {...},0,11,0,2,0,2,0,3,0,2
Dependency-Check Core,org.owasp.dependencycheck.dependency,Confidence,0,44,0,0,0,5,0,1,0,1
Dependency-Check Core,org.owasp.dependencycheck.dependency,VulnerableSoftwareBuilder,45,253,0,0,9,57,9,32,9,32
Dependency-Check Core,org.owasp.dependencycheck.dependency,Evidence,47,186,15,15,12,32,20,9,5,9
Dependency-Check Core,org.owasp.dependencycheck.dependency,EvidenceCollection,113,352,26,32,29,85,24,29,1,16
Dependency-Check Core,org.owasp.dependencycheck.dependency,EvidenceType,0,34,0,0,0,4,0,1,0,1
Dependency-Check Core,org.owasp.dependencycheck.dependency,CvssV3,16,156,8,8,0,31,8,12,0,12
Dependency-Check Core,org.owasp.dependencycheck.dependency,CvssV2,12,122,6,6,0,25,6,10,0,10
Dependency-Check Core,org.owasp.dependencycheck.dependency,Dependency,141,852,27,61,31,227,33,80,7,62
Dependency-Check Core,org.owasp.dependencycheck.dependency,Reference,57,60,6,0,11,20,5,9,2,9
Dependency-Check Core,org.owasp.dependencycheck.data.composer,ComposerException,7,5,0,0,4,2,2,1,2,1
Dependency-Check Core,org.owasp.dependencycheck.data.composer,ComposerDependency,20,53,3,3,7,16,4,5,1,5
Dependency-Check Core,org.owasp.dependencycheck.data.composer,ComposerLockParser,15,155,5,9,4,34,5,6,0,4
Dependency-Check Core,org.owasp.dependencycheck.xml.pom,PomParseException,12,4,0,0,6,2,3,1,3,1
Dependency-Check Core,org.owasp.dependencycheck.xml.pom,Model,0,199,0,6,0,57,0,30,0,27
Dependency-Check Core,org.owasp.dependencycheck.xml.pom,PomHandler,0,214,6,33,0,52,6,24,0,5
Dependency-Check Core,org.owasp.dependencycheck.xml.pom,License,34,52,3,3,7,19,5,7,2,7
Dependency-Check Core,org.owasp.dependencycheck.xml.pom,PomUtils,194,55,9,5,44,20,8,3,1,3
Dependency-Check Core,org.owasp.dependencycheck.xml.pom,PomProjectInputStream,11,167,3,17,3,35,3,12,0,5
Dependency-Check Core,org.owasp.dependencycheck.xml.pom,Model.PropertyLookup,0,11,0,0,0,4,0,2,0,2
Dependency-Check Core,org.owasp.dependencycheck.xml.pom,PomParser,60,166,4,4,10,42,4,6,0,6
Dependency-Check Core,org.owasp.dependencycheck.data.nodeaudit,NpmAuditParser,198,0,14,0,42,0,11,0,4,0
Dependency-Check Core,org.owasp.dependencycheck.data.nodeaudit,Advisory,122,0,0,0,52,0,35,0,35,0
Dependency-Check Core,org.owasp.dependencycheck.data.nodeaudit,NodeAuditSearch,344,0,22,0,81,0,17,0,5,0
Dependency-Check Core,org.owasp.dependencycheck.data.nodeaudit,SanitizePackage,2,137,4,10,1,28,4,4,0,1
Dependency-Check Core,org.owasp.dependencycheck.exception,NoDataException,16,0,0,0,8,0,4,0,4,0
Dependency-Check Core,org.owasp.dependencycheck.exception,DependencyNotFoundException,16,0,0,0,8,0,4,0,4,0
Dependency-Check Core,org.owasp.dependencycheck.exception,ExceptionCollection,129,68,5,1,41,18,12,7,9,7
Dependency-Check Core,org.owasp.dependencycheck.exception,H2DBLockException,16,0,0,0,8,0,4,0,4,0
Dependency-Check Core,org.owasp.dependencycheck.exception,InitializationException,24,22,0,0,8,7,4,3,4,3
Dependency-Check Core,org.owasp.dependencycheck.exception,ParseException,16,0,0,0,8,0,4,0,4,0
Dependency-Check Core,org.owasp.dependencycheck.exception,ScanAgentException,16,0,0,0,8,0,4,0,4,0
Dependency-Check Core,org.owasp.dependencycheck.exception,ReportException,16,0,0,0,8,0,4,0,4,0
Dependency-Check Core,org.owasp.dependencycheck.reporting,ReportGenerator.Format,0,64,0,0,0,7,0,1,0,1
Dependency-Check Core,org.owasp.dependencycheck.reporting,ReportGenerator,452,401,43,44,113,89,37,27,6,10
Dependency-Check Core,org.owasp.dependencycheck.reporting,EscapeTool,18,165,5,41,8,45,5,28,0,10
Dependency-Check Core,org.owasp.dependencycheck.reporting,ReportTool,14,48,3,3,6,11,2,4,0,3
Dependency-Check Core,org.owasp.dependencycheck.data.cwe,CweHandler,41,0,4,0,8,0,5,0,3,0
Dependency-Check Core,org.owasp.dependencycheck.data.cwe,App,177,0,10,0,36,0,8,0,3,0
Dependency-Check Core,org.owasp.dependencycheck.data.cwe,CweDB,21,51,1,3,9,12,1,5,0,4
Dependency-Check Core,org.owasp.dependencycheck.data.ossindex,ODCConnectionTransport,44,0,2,0,11,0,3,0,2,0
Dependency-Check Core,org.owasp.dependencycheck.data.ossindex,OssindexClientFactory,124,0,12,0,30,0,8,0,2,0
Dependency-Check Core,org.owasp.dependencycheck.data.update,UpdateService,0,12,0,0,0,4,0,2,0,2
Dependency-Check Core,org.owasp.dependencycheck.data.update,EngineVersionCheck,48,230,13,17,17,59,15,9,2,7
Dependency-Check Core,org.owasp.dependencycheck.data.update,RetireJSDataSource,91,158,7,13,24,35,7,10,2,5
Dependency-Check Core,org.owasp.dependencycheck.data.update,NvdCveUpdater,393,501,49,43,87,120,34,26,1,13
Dependency-Check Core,org.owasp.dependencycheck.data.lucene,UrlTokenizingFilter,11,76,0,10,3,18,0,8,0,3
Dependency-Check Core,org.owasp.dependencycheck.data.lucene,LuceneUtils,0,61,1,11,0,17,1,8,0,3
Dependency-Check Core,org.owasp.dependencycheck.data.lucene,TokenPairConcatenatingFilter,59,99,6,10,17,28,5,8,2,3
Dependency-Check Core,org.owasp.dependencycheck.data.lucene,AlphaNumericFilter,51,114,6,14,15,28,5,11,2,4
Dependency-Check Core,org.owasp.dependencycheck.data.lucene,DependencySimilarity,5,0,0,0,2,0,2,0,2,0
Dependency-Check Core,org.owasp.dependencycheck.data.lucene,AbstractTokenizingFilter,0,51,0,4,0,15,0,7,0,5
Dependency-Check Core,org.owasp.dependencycheck.data.lucene,SearchFieldAnalyzer,0,116,0,0,0,18,0,5,0,5
Dependency-Check Core,org.owasp.dependencycheck.data.nvdcve,CveDB,874,2482,77,223,183,590,70,130,3,47
Dependency-Check Core,org.owasp.dependencycheck.data.nvdcve,DatabaseException,13,0,0,0,6,0,3,0,3,0
Dependency-Check Core,org.owasp.dependencycheck.data.nvdcve,DriverShim,91,27,8,0,25,6,12,4,8,4
Dependency-Check Core,org.owasp.dependencycheck.data.nvdcve,CveDB.PreparedStatementCveDb,0,264,0,0,0,27,0,1,0,1
Dependency-Check Core,org.owasp.dependencycheck.data.nvdcve,DriverLoader,61,143,1,9,12,31,1,9,0,5
Dependency-Check Core,org.owasp.dependencycheck.data.nvdcve,DatabaseProperties,23,129,4,14,5,28,4,14,0,9
Dependency-Check Core,org.owasp.dependencycheck.data.nvdcve,ConnectionFactory,379,296,30,18,86,90,22,15,2,11
Dependency-Check Core,org.owasp.dependencycheck.data.nvdcve,DriverLoader.new PrivilegedAction() {...},0,21,0,0,0,2,0,2,0,2
Dependency-Check Core,org.owasp.dependencycheck.data.nvdcve,CorruptDatabaseException,9,0,0,0,4,0,2,0,2,0
Dependency-Check Core,org.owasp.dependencycheck.data.nvdcve,DriverLoadException,8,5,0,0,4,2,2,1,2,1
Dependency-Check Core,org.owasp.dependencycheck.data.update.exception,InvalidDataException,9,0,0,0,4,0,2,0,2,0
Dependency-Check Core,org.owasp.dependencycheck.data.update.exception,UpdateException,11,5,0,0,6,2,3,1,3,1
Dependency-Check Core,org.owasp.dependencycheck.data.nvd.json,CvssV20.RemediationLevelType,20,93,2,2,6,13,4,3,3,2
Dependency-Check Core,org.owasp.dependencycheck.data.nvd.json,CpeMatchStreamCollector,6,23,0,0,2,6,1,8,1,8
Dependency-Check Core,org.owasp.dependencycheck.data.nvd.json,CvssV20.AuthenticationType,17,74,2,2,5,12,3,4,2,3
Dependency-Check Core,org.owasp.dependencycheck.data.nvd.json,NvdCveFeedJson10,405,0,66,0,64,0,49,0,16,0
Dependency-Check Core,org.owasp.dependencycheck.data.nvd.json,CvssV30.ExploitCodeMaturityType,20,93,2,2,6,13,4,3,3,2
Dependency-Check Core,org.owasp.dependencycheck.data.nvd.json,DefConfigurations,170,11,26,0,29,3,19,2,6,2
Dependency-Check Core,org.owasp.dependencycheck.data.nvd.json,MetaProperties,88,60,1,1,19,18,5,2,4,2
Dependency-Check Core,org.owasp.dependencycheck.data.nvd.json,CvssV30.ConfidenceType,20,82,2,2,6,12,4,3,3,2
Dependency-Check Core,org.owasp.dependencycheck.data.nvd.json,CvssV30.CiaRequirementType,20,82,2,2,6,12,4,3,3,2
Dependency-Check Core,org.owasp.dependencycheck.data.nvd.json,Product__1,173,3,26,0,30,1,20,1,7,1
Dependency-Check Core,org.owasp.dependencycheck.data.nvd.json,DefCveItem,332,12,56,0,51,4,38,4,10,4
Dependency-Check Core,org.owasp.dependencycheck.data.nvd.json,ProblemtypeDatum,114,11,16,0,21,3,12,2,4,2
Dependency-Check Core,org.owasp.dependencycheck.data.nvd.json,BaseMetricV2,559,9,96,0,84,3,67,3,19,3
Dependency-Check Core,org.owasp.dependencycheck.data.nvd.json,BaseMetricV3,226,6,36,0,37,2,26,2,8,2
Dependency-Check Core,org.owasp.dependencycheck.data.nvd.json,CvssV30.ModifiedUserInteractionType,20,71,2,2,6,11,4,3,3,2
Dependency-Check Core,org.owasp.dependencycheck.data.nvd.json,CVEJSON40Min.DataVersion,20,49,2,2,6,9,4,3,3,2
Dependency-Check Core,org.owasp.dependencycheck.data.nvd.json,CvssV30.PrivilegesRequiredType,17,74,2,2,5,12,3,4,2,3
Dependency-Check Core,org.owasp.dependencycheck.data.nvd.json,CvssV30.ModifiedCiaType,20,82,2,2,6,12,4,3,3,2
Dependency-Check Core,org.owasp.dependencycheck.data.nvd.json,NodeFlatteningCollector,6,57,0,0,2,14,1,11,1,11
Dependency-Check Core,org.owasp.dependencycheck.data.nvd.json,Version,117,8,16,0,22,2,13,1,5,1
Dependency-Check Core,org.owasp.dependencycheck.data.nvd.json,CVEDataMeta,226,6,36,0,37,2,26,2,8,2
Dependency-Check Core,org.owasp.dependencycheck.data.nvd.json,CvssV30.ModifiedAttackComplexityType,20,71,2,2,6,11,4,3,3,2
Dependency-Check Core,org.owasp.dependencycheck.data.nvd.json,VersionDatum,173,3,26,0,30,1,20,1,7,1
Dependency-Check Core,org.owasp.dependencycheck.data.nvd.json,Vendor,117,8,16,0,22,2,13,1,5,1
Dependency-Check Core,org.owasp.dependencycheck.data.nvd.json,DefNode,264,34,46,0,37,12,28,7,5,7
Dependency-Check Core,org.owasp.dependencycheck.data.nvd.json,CvssV20.ExploitabilityType,20,93,2,2,6,13,4,3,3,2
Dependency-Check Core,org.owasp.dependencycheck.data.nvd.json,DefCpeMatch,487,30,86,0,70,10,55,8,12,8
Dependency-Check Core,org.owasp.dependencycheck.data.nvd.json,Description,114,11,16,0,21,3,12,2,4,2
Dependency-Check Core,org.owasp.dependencycheck.data.nvd.json,CvssV30.ModifiedScopeType,20,71,2,2,6,11,4,3,3,2
Dependency-Check Core,org.owasp.dependencycheck.data.nvd.json,CvssV30.SeverityType,17,96,2,2,5,14,3,4,2,3
Dependency-Check Core,org.owasp.dependencycheck.data.nvd.json,CvssV30.RemediationLevelType,20,93,2,2,6,13,4,3,3,2
Dependency-Check Core,org.owasp.dependencycheck.data.nvd.json,LangString,167,9,26,0,28,3,18,3,5,3
Dependency-Check Core,org.owasp.dependencycheck.data.nvd.json,Affects,117,3,16,0,22,1,13,1,5,1
Dependency-Check Core,org.owasp.dependencycheck.data.nvd.json,CVEJSON40Min,497,15,86,0,74,5,58,5,15,5
Dependency-Check Core,org.owasp.dependencycheck.data.nvd.json,CvssV30.AttackComplexityType,17,63,2,2,5,11,3,4,2,3
Dependency-Check Core,org.owasp.dependencycheck.data.nvd.json,CvssV20.CiaType,17,74,2,2,5,12,3,4,2,3
Dependency-Check Core,org.owasp.dependencycheck.data.nvd.json,CvssV20.CiaRequirementType,20,82,2,2,6,12,4,3,3,2
Dependency-Check Core,org.owasp.dependencycheck.data.nvd.json,Reference,276,17,46,0,43,5,31,4,8,4
Dependency-Check Core,org.owasp.dependencycheck.data.nvd.json,CvssV30.UserInteractionType,17,63,2,2,5,11,3,4,2,3
Dependency-Check Core,org.owasp.dependencycheck.data.nvd.json,CvssV20.CollateralDamagePotentialType,20,104,2,2,6,14,4,3,3,2
Dependency-Check Core,org.owasp.dependencycheck.data.nvd.json,CvssV30.Version,20,49,2,2,6,9,4,3,3,2
Dependency-Check Core,org.owasp.dependencycheck.data.nvd.json,Problemtype,114,11,16,0,21,3,12,2,4,2
Dependency-Check Core,org.owasp.dependencycheck.data.nvd.json,CvssV30.AttackVectorType,17,85,2,2,5,13,3,4,2,3
Dependency-Check Core,org.owasp.dependencycheck.data.nvd.json,CvssV20.AccessVectorType,17,74,2,2,5,12,3,4,2,3
Dependency-Check Core,org.owasp.dependencycheck.data.nvd.json,CvssV30,1711,33,306,0,244,11,206,11,53,11
Dependency-Check Core,org.owasp.dependencycheck.data.nvd.json,CVEJSON40Min.DataFormat,20,49,2,2,6,9,4,3,3,2
Dependency-Check Core,org.owasp.dependencycheck.data.nvd.json,Product,117,8,16,0,22,2,13,1,5,1
Dependency-Check Core,org.owasp.dependencycheck.data.nvd.json,CvssV30.ScopeType,17,63,2,2,5,11,3,4,2,3
Dependency-Check Core,org.owasp.dependencycheck.data.nvd.json,CvssV30.ModifiedPrivilegesRequiredType,20,82,2,2,6,12,4,3,3,2
Dependency-Check Core,org.owasp.dependencycheck.data.nvd.json,CvssV20,1104,24,196,0,159,8,132,8,34,8
Dependency-Check Core,org.owasp.dependencycheck.data.nvd.json,CVEJSON40Min.DataType,20,49,2,2,6,9,4,3,3,2
Dependency-Check Core,org.owasp.dependencycheck.data.nvd.json,References,114,11,16,0,21,3,12,2,4,2
Dependency-Check Core,org.owasp.dependencycheck.data.nvd.json,CvssV30.ModifiedAttackVectorType,20,93,2,2,6,13,4,3,3,2
Dependency-Check Core,org.owasp.dependencycheck.data.nvd.json,CvssV20.AccessComplexityType,17,74,2,2,5,12,3,4,2,3
Dependency-Check Core,org.owasp.dependencycheck.data.nvd.json,CvssV20.Version,20,49,2,2,6,9,4,3,3,2
Dependency-Check Core,org.owasp.dependencycheck.data.nvd.json,VendorDatum,173,3,26,0,30,1,20,1,7,1
Dependency-Check Core,org.owasp.dependencycheck.data.nvd.json,DefImpact,167,9,26,0,28,3,18,3,5,3
Dependency-Check Core,org.owasp.dependencycheck.data.nvd.json,CvssV20.ReportConfidenceType,20,82,2,2,6,12,4,3,3,2
Dependency-Check Core,org.owasp.dependencycheck.data.nvd.json,CvssV30.CiaType,17,74,2,2,5,12,3,4,2,3
Dependency-Check Core,org.owasp.dependencycheck.data.nvd.json,CvssV20.TargetDistributionType,20,93,2,2,6,13,4,3,3,2
Dependency-Check Core,org.owasp.dependencycheck.data.nvd.json,DefCpeName,176,0,26,0,31,0,21,0,8,0
Dependency-Check Core,org.owasp.dependencycheck.xml.assembly,GrokErrorHandler,17,7,0,0,4,2,3,2,3,2
Dependency-Check Core,org.owasp.dependencycheck.xml.assembly,GrokParseException,16,0,0,0,8,0,4,0,4,0
Dependency-Check Core,org.owasp.dependencycheck.xml.assembly,GrokHandler,7,121,2,14,2,34,2,17,0,5
Dependency-Check Core,org.owasp.dependencycheck.xml.assembly,GrokParser,51,69,2,0,14,14,1,4,0,4
Dependency-Check Core,org.owasp.dependencycheck.xml.assembly,AssemblyData,42,73,0,0,16,31,13,18,13,18
Dependency-Check Core,org.owasp.dependencycheck,Engine.Mode,0,112,0,0,0,12,0,4,0,4
Dependency-Check Core,org.owasp.dependencycheck,Engine,444,1039,54,92,109,266,58,83,17,51
Dependency-Check Core,org.owasp.dependencycheck,AnalysisTask,52,57,0,4,9,16,0,6,0,4
Dependency-Check Core,org.owasp.dependencycheck.analyzer,FalsePositiveAnalyzer,492,678,161,93,78,157,109,51,2,31
Dependency-Check Core,org.owasp.dependencycheck.analyzer,GolangDepAnalyzer,72,338,8,22,13,75,6,18,0,9
Dependency-Check Core,org.owasp.dependencycheck.analyzer,RubyGemspecAnalyzer,144,305,28,18,33,62,20,14,1,10
Dependency-Check Core,org.owasp.dependencycheck.analyzer,FileNameAnalyzer,0,153,1,9,0,20,1,10,0,6
Dependency-Check Core,org.owasp.dependencycheck.analyzer,VersionFilterAnalyzer,0,312,6,74,0,50,6,44,0,10
Dependency-Check Core,org.owasp.dependencycheck.analyzer,OpenSSLAnalyzer,31,214,4,10,7,37,4,13,0,10
Dependency-Check Core,org.owasp.dependencycheck.analyzer,ComposerLockAnalyzer,44,191,0,0,8,38,0,10,0,10
Dependency-Check Core,org.owasp.dependencycheck.analyzer,AbstractFileTypeAnalyzer,6,62,1,7,1,21,1,10,0,7
Dependency-Check Core,org.owasp.dependencycheck.analyzer,SwiftPackageManagerAnalyzer,85,166,14,10,12,45,12,10,0,10
Dependency-Check Core,org.owasp.dependencycheck.analyzer,CPEAnalyzer.IdentifierMatch,74,39,6,0,20,11,9,5,6,5
Dependency-Check Core,org.owasp.dependencycheck.analyzer,AutoconfAnalyzer,11,281,6,28,3,59,5,23,0,11
Dependency-Check Core,org.owasp.dependencycheck.analyzer,NvdCveAnalyzer,39,52,0,0,10,19,3,8,3,8
Dependency-Check Core,org.owasp.dependencycheck.analyzer,GolangModAnalyzer,231,172,17,7,46,50,13,11,0,11
Dependency-Check Core,org.owasp.dependencycheck.analyzer,PythonDistributionAnalyzer,125,424,26,30,27,99,23,20,0,15
Dependency-Check Core,org.owasp.dependencycheck.analyzer,DependencyMergingAnalyzer,54,330,23,71,14,75,21,43,1,16
Dependency-Check Core,org.owasp.dependencycheck.analyzer,MSBuildProjectAnalyzer,38,241,2,8,9,45,2,11,0,8
Dependency-Check Core,org.owasp.dependencycheck.analyzer,RubyBundleAuditAnalyzer,855,143,82,10,203,37,50,11,7,8
Dependency-Check Core,org.owasp.dependencycheck.analyzer,AbstractDependencyComparingAnalyzer,0,77,0,12,0,19,0,11,0,5
Dependency-Check Core,org.owasp.dependencycheck.analyzer,RubyBundlerAnalyzer,50,91,16,14,10,20,12,7,0,4
Dependency-Check Core,org.owasp.dependencycheck.analyzer,VulnerabilitySuppressionAnalyzer,0,12,0,0,0,5,0,5,0,5
Dependency-Check Core,org.owasp.dependencycheck.analyzer,RubyBundlerAnalyzer.new FilenameFilter() {...},0,14,0,0,0,2,0,2,0,2
Dependency-Check Core,org.owasp.dependencycheck.analyzer,AbstractAnalyzer,0,64,0,6,0,24,0,15,0,12
Dependency-Check Core,org.owasp.dependencycheck.analyzer,NexusAnalyzer,235,66,28,4,66,20,18,10,3,9
Dependency-Check Core,org.owasp.dependencycheck.analyzer,AbstractNpmAnalyzer,728,52,78,4,134,12,48,5,8,4
Dependency-Check Core,org.owasp.dependencycheck.analyzer,JarAnalyzer.ClassNameInformation,4,74,0,8,2,18,1,7,1,3
Dependency-Check Core,org.owasp.dependencycheck.analyzer,AssemblyAnalyzer,879,169,160,6,193,48,83,13,2,11
Dependency-Check Core,org.owasp.dependencycheck.analyzer,AbstractSuppressionAnalyzer,188,302,6,22,37,75,7,19,1,11
Dependency-Check Core,org.owasp.dependencycheck.analyzer,CentralAnalyzer,277,160,31,9,81,45,17,16,0,13
Dependency-Check Core,org.owasp.dependencycheck.analyzer,NodeAuditAnalyzer,269,29,18,0,68,8,11,6,2,6
Dependency-Check Core,org.owasp.dependencycheck.analyzer,AnalysisPhase,0,124,0,0,0,13,0,1,0,1
Dependency-Check Core,org.owasp.dependencycheck.analyzer,RubyGemspecAnalyzer.new FilenameFilter() {...},10,0,0,0,2,0,2,0,2,0
Dependency-Check Core,org.owasp.dependencycheck.analyzer,CMakeAnalyzer,7,318,3,15,2,78,3,15,0,9
Dependency-Check Core,org.owasp.dependencycheck.analyzer,RetireJsAnalyzer,223,413,9,39,42,92,11,27,2,10
Dependency-Check Core,org.owasp.dependencycheck.analyzer,CPEAnalyzer,414,1661,54,230,87,357,48,126,2,26
Dependency-Check Core,org.owasp.dependencycheck.analyzer,ArchiveAnalyzer,339,923,53,95,65,207,52,48,4,22
Dependency-Check Core,org.owasp.dependencycheck.analyzer,DependencyBundlingAnalyzer,379,580,133,115,90,121,98,48,5,17
Dependency-Check Core,org.owasp.dependencycheck.analyzer,AnalyzerService,1,84,1,11,1,22,1,10,0,5
Dependency-Check Core,org.owasp.dependencycheck.analyzer,CocoaPodsAnalyzer,51,412,13,23,13,97,12,18,0,12
Dependency-Check Core,org.owasp.dependencycheck.analyzer,PythonPackageAnalyzer,52,315,5,19,8,72,4,21,0,13
Dependency-Check Core,org.owasp.dependencycheck.analyzer,OssIndexAnalyzer,535,24,62,0,132,8,40,5,9,5
Dependency-Check Core,org.owasp.dependencycheck.analyzer,CPEAnalyzer.IdentifierConfidence,0,34,0,0,0,4,0,1,0,1
Dependency-Check Core,org.owasp.dependencycheck.analyzer,NugetconfAnalyzer,37,232,0,6,8,43,0,11,0,8
Dependency-Check Core,org.owasp.dependencycheck.analyzer,JarAnalyzer,434,2532,123,321,88,490,115,138,0,31
Dependency-Check Core,org.owasp.dependencycheck.analyzer,ArtifactoryAnalyzer,210,40,20,0,57,12,14,8,4,8
Dependency-Check Core,org.owasp.dependencycheck.analyzer,CpeSuppressionAnalyzer,4,8,0,0,2,3,2,3,2,3
Dependency-Check Core,org.owasp.dependencycheck.analyzer,NuspecAnalyzer,39,159,3,5,8,34,3,9,0,8
Dependency-Check Core,org.owasp.dependencycheck.analyzer,HintAnalyzer,239,444,13,55,50,96,12,38,1,15
Dependency-Check Core,org.owasp.dependencycheck.analyzer,NodePackageAnalyzer,505,31,56,0,111,9,32,6,4,6
Dependency-Check Core,org.owasp.dependencycheck.analyzer.exception,LambdaExceptionWrapper,4,0,0,0,2,0,1,0,1,0
Dependency-Check Core,org.owasp.dependencycheck.analyzer.exception,ArchiveExtractionException,12,4,0,0,6,2,3,1,3,1
Dependency-Check Core,org.owasp.dependencycheck.analyzer.exception,UnexpectedAnalysisException,13,0,0,0,6,0,3,0,3,0
Dependency-Check Core,org.owasp.dependencycheck.analyzer.exception,SearchException,16,0,0,0,8,0,4,0,4,0
Dependency-Check Core,org.owasp.dependencycheck.analyzer.exception,AnalysisException,11,5,0,0,6,2,3,1,3,1
Dependency-Check Core,org.owasp.dependencycheck.dependency.naming,PurlIdentifier,84,155,7,5,23,42,8,17,4,15
Dependency-Check Core,org.owasp.dependencycheck.dependency.naming,CpeIdentifier,32,151,4,4,10,44,6,13,2,13
Dependency-Check Core,org.owasp.dependencycheck.dependency.naming,GenericIdentifier,88,34,6,0,29,12,12,4,9,4
Dependency-Check Core,org.owasp.dependencycheck.xml,XmlInputStream,13,340,9,39,4,63,8,28,0,12
Dependency-Check Core,org.owasp.dependencycheck.xml,XmlEntity,0,1551,0,4,0,262,0,4,0,2
Dependency-Check Core,org.owasp.dependencycheck.xml.hints,HintHandler.ParentType,0,34,0,0,0,4,0,1,0,1
Dependency-Check Core,org.owasp.dependencycheck.xml.hints,HintParser,22,122,1,1,7,31,1,6,0,6
Dependency-Check Core,org.owasp.dependencycheck.xml.hints,HintErrorHandler,11,13,0,0,3,3,2,3,2,3
Dependency-Check Core,org.owasp.dependencycheck.xml.hints,HintRule,0,203,0,0,0,41,0,21,0,21
Dependency-Check Core,org.owasp.dependencycheck.xml.hints,HintHandler,6,269,12,32,4,69,12,22,0,5
Dependency-Check Core,org.owasp.dependencycheck.xml.hints,HintParseException,12,4,0,0,6,2,3,1,3,1
Dependency-Check Core,org.owasp.dependencycheck.xml.hints,VendorDuplicatingHintRule,8,15,0,0,4,6,2,3,2,3
Dependency-Check Core,org.owasp.dependencycheck.xml.hints,EvidenceMatcher,41,90,0,18,4,19,4,16,4,7
Dependency-Check Core,org.owasp.dependencycheck.agent,DependencyCheckScanAgent,391,409,27,13,129,101,80,19,61,18
Dependency-Check Core,org.owasp.dependencycheck.data.golang,GoModJsonParser,28,80,2,4,8,21,2,5,0,4
Dependency-Check Core,org.owasp.dependencycheck.data.golang,GoModDependency,56,227,6,6,9,46,6,5,1,4
Dependency-Check Core,org.owasp.dependencycheck.data.artifactory,ArtifactorySearch,137,326,9,19,29,59,7,15,1,7
Dependency-Check Core,org.owasp.dependencycheck.data.nuget,NugetPackage,63,31,6,0,18,13,5,9,2,9
Dependency-Check Core,org.owasp.dependencycheck.data.nuget,XPathNuspecParser,0,109,3,7,0,22,3,5,0,3
Dependency-Check Core,org.owasp.dependencycheck.data.nuget,XPathMSBuildProjectParser,12,70,3,5,3,18,3,3,0,2
Dependency-Check Core,org.owasp.dependencycheck.data.nuget,NugetconfParseException,12,0,0,0,6,0,3,0,3,0
Dependency-Check Core,org.owasp.dependencycheck.data.nuget,MSBuildProjectParseException,12,0,0,0,6,0,3,0,3,0
Dependency-Check Core,org.owasp.dependencycheck.data.nuget,XPathNugetconfParser,12,70,3,5,3,18,3,3,0,2
Dependency-Check Core,org.owasp.dependencycheck.data.nuget,NugetPackageReference,43,17,6,0,13,7,5,5,2,5
Dependency-Check Core,org.owasp.dependencycheck.data.nuget,NuspecParseException,3,9,0,0,2,4,1,2,1,2
Dependency-Check Core,org.owasp.dependencycheck.data.update.cpe,CpePlus,8,15,0,0,4,6,2,3,2,3
Dependency-Check Core,org.owasp.dependencycheck.utils,Filter.FilterIterator,8,52,2,8,2,17,3,7,1,4
Dependency-Check Core,org.owasp.dependencycheck.utils,ExtractionUtil,578,244,56,22,117,59,39,10,3,7
Dependency-Check Core,org.owasp.dependencycheck.utils,H2DBShutdownHookFactory,9,21,0,0,3,4,0,2,0,2
Dependency-Check Core,org.owasp.dependencycheck.utils,UrlStringUtils,0,189,1,17,0,28,1,12,0,4
Dependency-Check Core,org.owasp.dependencycheck.utils,DependencyVersion,9,343,8,58,4,85,8,36,0,11
Dependency-Check Core,org.owasp.dependencycheck.utils,Filter,0,16,0,0,0,3,0,3,0,3
Dependency-Check Core,org.owasp.dependencycheck.utils,H2DBLock,200,279,35,23,46,66,31,8,2,8
Dependency-Check Core,org.owasp.dependencycheck.utils,Pair,47,34,6,0,15,12,7,4,4,4
Dependency-Check Core,org.owasp.dependencycheck.utils,DependencyVersionUtil,2,117,3,23,1,33,3,14,0,4
Dependency-Check Core,org.owasp.dependencycheck.utils,Filter.new Iterable() {...},0,16,0,0,0,2,0,2,0,2
Dependency-Check Core,org.owasp.dependencycheck.utils,FileFilterBuilder,9,132,3,13,1,24,2,13,0,7
Dependency-Check Core,org.owasp.dependencycheck.utils,H2DBShutdownHook,0,3,0,0,0,1,0,1,0,1
Dependency-Check Core,org.owasp.dependencycheck.utils,DateUtil,14,64,0,4,2,15,0,6,0,4
Dependency-Check Core,org.owasp.dependencycheck.utils,H2DBCleanupHook,15,20,2,0,6,8,2,4,1,4
Dependency-Check Core,org.owasp.dependencycheck.utils,DBUtils,23,38,3,7,7,15,3,6,0,4
Dependency-Check Core,org.owasp.dependencycheck.data.update.nvd,DownloadTask,60,125,5,5,18,27,5,8,1,7
Dependency-Check Core,org.owasp.dependencycheck.data.update.nvd,NvdCveParser,43,120,1,7,7,26,1,8,0,5
Dependency-Check Core,org.owasp.dependencycheck.data.update.nvd,NvdCveInfo,0,21,0,0,0,8,0,4,0,4
Dependency-Check Core,org.owasp.dependencycheck.data.update.nvd,ProcessTask,14,84,0,0,6,24,1,6,1,6
Dependency-Check Core,org.owasp.dependencycheck.data.cpe,IndexEntry,49,99,7,7,10,27,10,10,3,10
Dependency-Check Core,org.owasp.dependencycheck.data.cpe,IndexException,16,0,0,0,8,0,4,0,4,0
Dependency-Check Core,org.owasp.dependencycheck.data.cpe,CpeMemoryIndex,63,312,11,15,19,79,12,16,1,14
Dependency-Check Core,org.owasp.dependencycheck.xml.suppression,SuppressionParser.ClassloaderResolver,0,36,2,4,0,8,2,2,0,1
Dependency-Check Core,org.owasp.dependencycheck.xml.suppression,SuppressionParser,47,102,2,0,14,19,1,4,0,4
Dependency-Check Core,org.owasp.dependencycheck.xml.suppression,SuppressionParseException,12,4,0,0,6,2,3,1,3,1
Dependency-Check Core,org.owasp.dependencycheck.xml.suppression,SuppressionRule,177,716,28,118,42,182,34,90,8,43
Dependency-Check Core,org.owasp.dependencycheck.xml.suppression,SuppressionErrorHandler,12,12,0,0,2,4,2,3,2,3
Dependency-Check Core,org.owasp.dependencycheck.xml.suppression,SuppressionHandler,26,212,7,25,5,55,7,21,0,7
Dependency-Check Core,org.owasp.dependencycheck.xml.suppression,PropertyType,63,78,3,11,13,25,5,13,2,9
Dependency-Check Core,org.owasp.dependencycheck.data.nexus,NexusSearch,304,0,27,0,75,0,19,0,5,0
Dependency-Check Core,org.owasp.dependencycheck.data.nexus,MavenArtifact,55,148,2,2,18,28,10,9,8,9
